<?xml version="1.0" encoding="UTF-8"?>
<testsuite xmlns:xsi="http://www.w3.org/2001/XMLSchema-instance" xsi:noNamespaceSchemaLocation="https://maven.apache.org/surefire/maven-surefire-plugin/xsd/surefire-test-report-3.0.xsd" version="3.0" name="com.pricesparser.repository.ProductRepositoryTest" time="1.923" tests="11" errors="0" skipped="0" failures="0">
  <properties>
[...]
</properties>
  <testcase name="shouldReturnEmptyWhenProductNotFoundByUrl" classname="com.pricesparser.repository.ProductRepositoryTest" time="0.401">
    <system-out><![CDATA[23:43:20.427 [main] INFO org.springframework.test.context.support.AnnotationConfigContextLoaderUtils -- Could not detect default configuration classes for test class [com.pricesparser.repository.ProductRepositoryTest]: ProductRepositoryTest does not declare any static, non-private, non-final, nested classes annotated with @Configuration.
23:43:20.477 [main] INFO org.springframework.boot.test.context.SpringBootTestContextBootstrapper -- Found @SpringBootConfiguration com.pricesparser.PricesParserApplication for test class com.pricesparser.repository.ProductRepositoryTest

  .   ____          _            __ _ _
 /\\ / ___'_ __ _ _(_)_ __  __ _ \ \ \ \
( ( )\___ | '_ | '_| | '_ \/ _` | \ \ \ \
 \\/  ___)| |_)| | | | | || (_| |  ) ) ) )
  '  |____| .__|_| |_|_| |_\__, | / / / /
 =========|_|==============|___/=/_/_/_/
 :: Spring Boot ::                (v3.2.0)

2025-11-22 23:43:20 - Starting ProductRepositoryTest using Java 21.0.2 with PID 23965 (started by ernest in /Users/ernest/Desktop/prices-parser)
2025-11-22 23:43:20 - Running with Spring Boot v3.2.0, Spring v6.1.1
2025-11-22 23:43:20 - No active profile set, falling back to 1 default profile: "default"
2025-11-22 23:43:20 - Bootstrapping Spring Data JPA repositories in DEFAULT mode.
2025-11-22 23:43:20 - Finished Spring Data repository scanning in 64 ms. Found 1 JPA repository interface.
2025-11-22 23:43:20 - Replacing 'dataSource' DataSource bean with embedded version
2025-11-22 23:43:20 - Starting embedded database: url='jdbc:h2:mem:a289713d-861c-4a2c-ab03-f45b1fa0717c;DB_CLOSE_DELAY=-1;DB_CLOSE_ON_EXIT=false', username='sa'
2025-11-22 23:43:21 - HHH000204: Processing PersistenceUnitInfo [name: default]
2025-11-22 23:43:21 - HHH000412: Hibernate ORM core version 6.3.1.Final
2025-11-22 23:43:21 - HHH000026: Second-level cache disabled
2025-11-22 23:43:21 - No LoadTimeWeaver setup: ignoring JPA class transformer
2025-11-22 23:43:21 - HHH90000025: H2Dialect does not need to be specified explicitly using 'hibernate.dialect' (remove the property setting and it will be selected by default)
2025-11-22 23:43:21 - HHH000489: No JTA platform available (set 'hibernate.transaction.jta.platform' to enable JTA platform integration)
Hibernate: 
    drop table if exists products cascade 
Hibernate: 
    create table products (
        price numeric(10,2),
        created_at timestamp(6) not null,
        id bigint generated by default as identity,
        parsed_at timestamp(6),
        title varchar(500),
        description varchar(2000),
        url varchar(2048) not null unique,
        primary key (id)
    )
2025-11-22 23:43:21 - Initialized JPA EntityManagerFactory for persistence unit 'default'
2025-11-22 23:43:21 - Started ProductRepositoryTest in 1.178 seconds (process running for 1.643)
Hibernate: 
    select
        p1_0.id,
        p1_0.created_at,
        p1_0.description,
        p1_0.parsed_at,
        p1_0.price,
        p1_0.title,
        p1_0.url 
    from
        products p1_0 
    where
        p1_0.url=?
]]></system-out>
    <system-err><![CDATA[WARNING: A Java agent has been loaded dynamically (/Users/ernest/.m2/repository/net/bytebuddy/byte-buddy-agent/1.14.10/byte-buddy-agent-1.14.10.jar)
WARNING: If a serviceability tool is in use, please run with -XX:+EnableDynamicAgentLoading to hide this warning
WARNING: If a serviceability tool is not in use, please run with -Djdk.instrument.traceUsage for more information
WARNING: Dynamic loading of agents will be disallowed by default in a future release
]]></system-err>
  </testcase>
  <testcase name="shouldDeleteProduct" classname="com.pricesparser.repository.ProductRepositoryTest" time="0.021">
    <system-out><![CDATA[Hibernate: 
    insert 
    into
        products
        (created_at, description, parsed_at, price, title, url, id) 
    values
        (?, ?, ?, ?, ?, ?, default)
]]></system-out>
  </testcase>
  <testcase name="shouldSetParsedAtOnCreation" classname="com.pricesparser.repository.ProductRepositoryTest" time="0.004">
    <system-out><![CDATA[Hibernate: 
    insert 
    into
        products
        (created_at, description, parsed_at, price, title, url, id) 
    values
        (?, ?, ?, ?, ?, ?, default)
]]></system-out>
  </testcase>
  <testcase name="shouldFindProductById" classname="com.pricesparser.repository.ProductRepositoryTest" time="0.005">
    <system-out><![CDATA[Hibernate: 
    insert 
    into
        products
        (created_at, description, parsed_at, price, title, url, id) 
    values
        (?, ?, ?, ?, ?, ?, default)
]]></system-out>
  </testcase>
  <testcase name="shouldFindAllProducts" classname="com.pricesparser.repository.ProductRepositoryTest" time="0.011">
    <system-out><![CDATA[Hibernate: 
    insert 
    into
        products
        (created_at, description, parsed_at, price, title, url, id) 
    values
        (?, ?, ?, ?, ?, ?, default)
Hibernate: 
    insert 
    into
        products
        (created_at, description, parsed_at, price, title, url, id) 
    values
        (?, ?, ?, ?, ?, ?, default)
Hibernate: 
    select
        p1_0.id,
        p1_0.created_at,
        p1_0.description,
        p1_0.parsed_at,
        p1_0.price,
        p1_0.title,
        p1_0.url 
    from
        products p1_0
]]></system-out>
  </testcase>
  <testcase name="shouldSaveProductAndAssignId" classname="com.pricesparser.repository.ProductRepositoryTest" time="0.003">
    <system-out><![CDATA[Hibernate: 
    insert 
    into
        products
        (created_at, description, parsed_at, price, title, url, id) 
    values
        (?, ?, ?, ?, ?, ?, default)
]]></system-out>
  </testcase>
  <testcase name="shouldSetCreatedAtOnCreation" classname="com.pricesparser.repository.ProductRepositoryTest" time="0.002">
    <system-out><![CDATA[Hibernate: 
    insert 
    into
        products
        (created_at, description, parsed_at, price, title, url, id) 
    values
        (?, ?, ?, ?, ?, ?, default)
]]></system-out>
  </testcase>
  <testcase name="shouldCheckIfProductExistsByUrl" classname="com.pricesparser.repository.ProductRepositoryTest" time="0.005">
    <system-out><![CDATA[Hibernate: 
    insert 
    into
        products
        (created_at, description, parsed_at, price, title, url, id) 
    values
        (?, ?, ?, ?, ?, ?, default)
Hibernate: 
    select
        p1_0.id 
    from
        products p1_0 
    where
        p1_0.url=? 
    fetch
        first ? rows only
Hibernate: 
    select
        p1_0.id 
    from
        products p1_0 
    where
        p1_0.url=? 
    fetch
        first ? rows only
]]></system-out>
  </testcase>
  <testcase name="shouldCountProducts" classname="com.pricesparser.repository.ProductRepositoryTest" time="0.108">
    <system-out><![CDATA[Hibernate: 
    select
        count(*) 
    from
        products p1_0
Hibernate: 
    insert 
    into
        products
        (created_at, description, parsed_at, price, title, url, id) 
    values
        (?, ?, ?, ?, ?, ?, default)
Hibernate: 
    insert 
    into
        products
        (created_at, description, parsed_at, price, title, url, id) 
    values
        (?, ?, ?, ?, ?, ?, default)
Hibernate: 
    select
        count(*) 
    from
        products p1_0
]]></system-out>
  </testcase>
  <testcase name="shouldUpdateProduct" classname="com.pricesparser.repository.ProductRepositoryTest" time="0.003">
    <system-out><![CDATA[Hibernate: 
    insert 
    into
        products
        (created_at, description, parsed_at, price, title, url, id) 
    values
        (?, ?, ?, ?, ?, ?, default)
]]></system-out>
  </testcase>
  <testcase name="shouldFindProductByUrl" classname="com.pricesparser.repository.ProductRepositoryTest" time="0.004">
    <system-out><![CDATA[Hibernate: 
    insert 
    into
        products
        (created_at, description, parsed_at, price, title, url, id) 
    values
        (?, ?, ?, ?, ?, ?, default)
Hibernate: 
    select
        p1_0.id,
        p1_0.created_at,
        p1_0.description,
        p1_0.parsed_at,
        p1_0.price,
        p1_0.title,
        p1_0.url 
    from
        products p1_0 
    where
        p1_0.url=?
]]></system-out>
  </testcase>
</testsuite>