<?xml version="1.0" encoding="UTF-8"?>
<testsuite xmlns:xsi="http://www.w3.org/2001/XMLSchema-instance" xsi:noNamespaceSchemaLocation="https://maven.apache.org/surefire/maven-surefire-plugin/xsd/surefire-test-report-3.0.xsd" version="3.0" name="com.pricesparser.util.ThreadSafeCounterTest" time="0.031" tests="3" errors="0" skipped="0" failures="0">
  <properties>
[...]
</properties>
  <testcase name="shouldReset" classname="com.pricesparser.util.ThreadSafeCounterTest" time="0.001">
    <system-out><![CDATA[2025-11-23 17:14:14 - Счётчик увеличен: 0 -> 1 (поток: main)
2025-11-23 17:14:14 - Счётчик увеличен: 1 -> 2 (поток: main)
2025-11-23 17:14:14 - Счётчик сброшен: 2 -> 0 (поток: main)
]]></system-out>
  </testcase>
  <testcase name="shouldBeThreadSafe" classname="com.pricesparser.util.ThreadSafeCounterTest" time="0.029">
    <system-out><![CDATA[2025-11-23 17:14:14 - Счётчик увеличен: 0 -> 1 (поток: pool-3-thread-1)
2025-11-23 17:14:14 - Счётчик увеличен: 1 -> 2 (поток: pool-3-thread-1)
2025-11-23 17:14:14 - Счётчик увеличен: 2 -> 3 (поток: pool-3-thread-1)
2025-11-23 17:14:14 - Счётчик увеличен: 3 -> 4 (поток: pool-3-thread-3)
2025-11-23 17:14:14 - Счётчик увеличен: 4 -> 5 (поток: pool-3-thread-1)
2025-11-23 17:14:14 - Счётчик увеличен: 5 -> 6 (поток: pool-3-thread-2)
2025-11-23 17:14:14 - Счётчик увеличен: 6 -> 7 (поток: pool-3-thread-4)
2025-11-23 17:14:14 - Счётчик увеличен: 7 -> 8 (поток: pool-3-thread-5)
2025-11-23 17:14:14 - Счётчик увеличен: 8 -> 9 (поток: pool-3-thread-3)
2025-11-23 17:14:14 - Счётчик увеличен: 9 -> 10 (поток: pool-3-thread-6)
2025-11-23 17:14:14 - Счётчик увеличен: 10 -> 11 (поток: pool-3-thread-7)
2025-11-23 17:14:14 - Счётчик увеличен: 11 -> 12 (поток: pool-3-thread-1)
2025-11-23 17:14:14 - Счётчик увеличен: 12 -> 13 (поток: pool-3-thread-8)
2025-11-23 17:14:14 - Счётчик увеличен: 13 -> 14 (поток: pool-3-thread-9)
2025-11-23 17:14:14 - Счётчик увеличен: 14 -> 15 (поток: pool-3-thread-2)
2025-11-23 17:14:14 - Счётчик увеличен: 15 -> 16 (поток: pool-3-thread-10)
2025-11-23 17:14:14 - Счётчик увеличен: 16 -> 17 (поток: pool-3-thread-4)
2025-11-23 17:14:14 - Счётчик увеличен: 17 -> 18 (поток: pool-3-thread-5)
2025-11-23 17:14:14 - Счётчик увеличен: 18 -> 19 (поток: pool-3-thread-3)
2025-11-23 17:14:14 - Счётчик увеличен: 19 -> 20 (поток: pool-3-thread-6)
2025-11-23 17:14:14 - Счётчик увеличен: 20 -> 21 (поток: pool-3-thread-7)
2025-11-23 17:14:14 - Счётчик увеличен: 21 -> 22 (поток: pool-3-thread-1)
2025-11-23 17:14:14 - Счётчик увеличен: 22 -> 23 (поток: pool-3-thread-8)
2025-11-23 17:14:14 - Счётчик увеличен: 23 -> 24 (поток: pool-3-thread-9)
2025-11-23 17:14:14 - Счётчик увеличен: 24 -> 25 (поток: pool-3-thread-2)
2025-11-23 17:14:14 - Счётчик увеличен: 25 -> 26 (поток: pool-3-thread-10)
2025-11-23 17:14:14 - Счётчик увеличен: 26 -> 27 (поток: pool-3-thread-4)
2025-11-23 17:14:14 - Счётчик увеличен: 27 -> 28 (поток: pool-3-thread-5)
2025-11-23 17:14:14 - Счётчик увеличен: 28 -> 29 (поток: pool-3-thread-3)
2025-11-23 17:14:14 - Счётчик увеличен: 29 -> 30 (поток: pool-3-thread-6)
2025-11-23 17:14:14 - Счётчик увеличен: 30 -> 31 (поток: pool-3-thread-7)
2025-11-23 17:14:14 - Счётчик увеличен: 31 -> 32 (поток: pool-3-thread-1)
2025-11-23 17:14:14 - Счётчик увеличен: 32 -> 33 (поток: pool-3-thread-8)
2025-11-23 17:14:14 - Счётчик увеличен: 33 -> 34 (поток: pool-3-thread-9)
2025-11-23 17:14:14 - Счётчик увеличен: 34 -> 35 (поток: pool-3-thread-2)
2025-11-23 17:14:14 - Счётчик увеличен: 35 -> 36 (поток: pool-3-thread-10)
2025-11-23 17:14:14 - Счётчик увеличен: 36 -> 37 (поток: pool-3-thread-4)
2025-11-23 17:14:14 - Счётчик увеличен: 37 -> 38 (поток: pool-3-thread-5)
2025-11-23 17:14:14 - Счётчик увеличен: 38 -> 39 (поток: pool-3-thread-3)
2025-11-23 17:14:14 - Счётчик увеличен: 39 -> 40 (поток: pool-3-thread-6)
2025-11-23 17:14:14 - Счётчик увеличен: 40 -> 41 (поток: pool-3-thread-7)
2025-11-23 17:14:14 - Счётчик увеличен: 41 -> 42 (поток: pool-3-thread-1)
2025-11-23 17:14:14 - Счётчик увеличен: 42 -> 43 (поток: pool-3-thread-8)
2025-11-23 17:14:14 - Счётчик увеличен: 43 -> 44 (поток: pool-3-thread-9)
2025-11-23 17:14:14 - Счётчик увеличен: 44 -> 45 (поток: pool-3-thread-2)
2025-11-23 17:14:14 - Счётчик увеличен: 45 -> 46 (поток: pool-3-thread-10)
2025-11-23 17:14:14 - Счётчик увеличен: 46 -> 47 (поток: pool-3-thread-4)
2025-11-23 17:14:14 - Счётчик увеличен: 47 -> 48 (поток: pool-3-thread-5)
2025-11-23 17:14:14 - Счётчик увеличен: 48 -> 49 (поток: pool-3-thread-3)
2025-11-23 17:14:14 - Счётчик увеличен: 49 -> 50 (поток: pool-3-thread-6)
2025-11-23 17:14:14 - Счётчик увеличен: 50 -> 51 (поток: pool-3-thread-7)
2025-11-23 17:14:14 - Счётчик увеличен: 51 -> 52 (поток: pool-3-thread-1)
2025-11-23 17:14:14 - Счётчик увеличен: 52 -> 53 (поток: pool-3-thread-8)
2025-11-23 17:14:14 - Счётчик увеличен: 53 -> 54 (поток: pool-3-thread-9)
2025-11-23 17:14:14 - Счётчик увеличен: 54 -> 55 (поток: pool-3-thread-2)
2025-11-23 17:14:14 - Счётчик увеличен: 55 -> 56 (поток: pool-3-thread-10)
2025-11-23 17:14:14 - Счётчик увеличен: 56 -> 57 (поток: pool-3-thread-4)
2025-11-23 17:14:14 - Счётчик увеличен: 57 -> 58 (поток: pool-3-thread-5)
2025-11-23 17:14:14 - Счётчик увеличен: 58 -> 59 (поток: pool-3-thread-3)
2025-11-23 17:14:14 - Счётчик увеличен: 59 -> 60 (поток: pool-3-thread-6)
2025-11-23 17:14:14 - Счётчик увеличен: 60 -> 61 (поток: pool-3-thread-7)
2025-11-23 17:14:14 - Счётчик увеличен: 61 -> 62 (поток: pool-3-thread-1)
2025-11-23 17:14:14 - Счётчик увеличен: 62 -> 63 (поток: pool-3-thread-8)
2025-11-23 17:14:14 - Счётчик увеличен: 63 -> 64 (поток: pool-3-thread-9)
2025-11-23 17:14:14 - Счётчик увеличен: 64 -> 65 (поток: pool-3-thread-2)
2025-11-23 17:14:14 - Счётчик увеличен: 65 -> 66 (поток: pool-3-thread-10)
2025-11-23 17:14:14 - Счётчик увеличен: 66 -> 67 (поток: pool-3-thread-4)
2025-11-23 17:14:14 - Счётчик увеличен: 67 -> 68 (поток: pool-3-thread-5)
2025-11-23 17:14:14 - Счётчик увеличен: 68 -> 69 (поток: pool-3-thread-3)
2025-11-23 17:14:14 - Счётчик увеличен: 69 -> 70 (поток: pool-3-thread-6)
2025-11-23 17:14:14 - Счётчик увеличен: 70 -> 71 (поток: pool-3-thread-7)
2025-11-23 17:14:14 - Счётчик увеличен: 71 -> 72 (поток: pool-3-thread-1)
2025-11-23 17:14:14 - Счётчик увеличен: 72 -> 73 (поток: pool-3-thread-8)
2025-11-23 17:14:14 - Счётчик увеличен: 73 -> 74 (поток: pool-3-thread-9)
2025-11-23 17:14:14 - Счётчик увеличен: 74 -> 75 (поток: pool-3-thread-2)
2025-11-23 17:14:14 - Счётчик увеличен: 75 -> 76 (поток: pool-3-thread-10)
2025-11-23 17:14:14 - Счётчик увеличен: 76 -> 77 (поток: pool-3-thread-4)
2025-11-23 17:14:14 - Счётчик увеличен: 77 -> 78 (поток: pool-3-thread-5)
2025-11-23 17:14:14 - Счётчик увеличен: 78 -> 79 (поток: pool-3-thread-3)
2025-11-23 17:14:14 - Счётчик увеличен: 79 -> 80 (поток: pool-3-thread-6)
2025-11-23 17:14:14 - Счётчик увеличен: 80 -> 81 (поток: pool-3-thread-7)
2025-11-23 17:14:14 - Счётчик увеличен: 81 -> 82 (поток: pool-3-thread-1)
2025-11-23 17:14:14 - Счётчик увеличен: 82 -> 83 (поток: pool-3-thread-8)
2025-11-23 17:14:14 - Счётчик увеличен: 83 -> 84 (поток: pool-3-thread-9)
2025-11-23 17:14:14 - Счётчик увеличен: 84 -> 85 (поток: pool-3-thread-2)
2025-11-23 17:14:14 - Счётчик увеличен: 85 -> 86 (поток: pool-3-thread-10)
2025-11-23 17:14:14 - Счётчик увеличен: 86 -> 87 (поток: pool-3-thread-4)
2025-11-23 17:14:14 - Счётчик увеличен: 87 -> 88 (поток: pool-3-thread-5)
2025-11-23 17:14:14 - Счётчик увеличен: 88 -> 89 (поток: pool-3-thread-3)
2025-11-23 17:14:14 - Счётчик увеличен: 89 -> 90 (поток: pool-3-thread-6)
2025-11-23 17:14:14 - Счётчик увеличен: 90 -> 91 (поток: pool-3-thread-7)
2025-11-23 17:14:14 - Счётчик увеличен: 91 -> 92 (поток: pool-3-thread-1)
2025-11-23 17:14:14 - Счётчик увеличен: 92 -> 93 (поток: pool-3-thread-8)
2025-11-23 17:14:14 - Счётчик увеличен: 93 -> 94 (поток: pool-3-thread-9)
2025-11-23 17:14:14 - Счётчик увеличен: 94 -> 95 (поток: pool-3-thread-2)
2025-11-23 17:14:14 - Счётчик увеличен: 95 -> 96 (поток: pool-3-thread-10)
2025-11-23 17:14:14 - Счётчик увеличен: 96 -> 97 (поток: pool-3-thread-4)
2025-11-23 17:14:14 - Счётчик увеличен: 97 -> 98 (поток: pool-3-thread-5)
2025-11-23 17:14:14 - Счётчик увеличен: 98 -> 99 (поток: pool-3-thread-3)
2025-11-23 17:14:14 - Счётчик увеличен: 99 -> 100 (поток: pool-3-thread-6)
2025-11-23 17:14:14 - Счётчик увеличен: 100 -> 101 (поток: pool-3-thread-7)
2025-11-23 17:14:14 - Счётчик увеличен: 101 -> 102 (поток: pool-3-thread-1)
2025-11-23 17:14:14 - Счётчик увеличен: 102 -> 103 (поток: pool-3-thread-8)
2025-11-23 17:14:14 - Счётчик увеличен: 103 -> 104 (поток: pool-3-thread-9)
2025-11-23 17:14:14 - Счётчик увеличен: 104 -> 105 (поток: pool-3-thread-2)
2025-11-23 17:14:14 - Счётчик увеличен: 105 -> 106 (поток: pool-3-thread-10)
2025-11-23 17:14:14 - Счётчик увеличен: 106 -> 107 (поток: pool-3-thread-4)
2025-11-23 17:14:14 - Счётчик увеличен: 107 -> 108 (поток: pool-3-thread-5)
2025-11-23 17:14:14 - Счётчик увеличен: 108 -> 109 (поток: pool-3-thread-3)
2025-11-23 17:14:14 - Счётчик увеличен: 109 -> 110 (поток: pool-3-thread-6)
2025-11-23 17:14:14 - Счётчик увеличен: 110 -> 111 (поток: pool-3-thread-7)
2025-11-23 17:14:14 - Счётчик увеличен: 111 -> 112 (поток: pool-3-thread-1)
2025-11-23 17:14:14 - Счётчик увеличен: 112 -> 113 (поток: pool-3-thread-8)
2025-11-23 17:14:14 - Счётчик увеличен: 113 -> 114 (поток: pool-3-thread-9)
2025-11-23 17:14:14 - Счётчик увеличен: 114 -> 115 (поток: pool-3-thread-2)
2025-11-23 17:14:14 - Счётчик увеличен: 115 -> 116 (поток: pool-3-thread-10)
2025-11-23 17:14:14 - Счётчик увеличен: 116 -> 117 (поток: pool-3-thread-4)
2025-11-23 17:14:14 - Счётчик увеличен: 117 -> 118 (поток: pool-3-thread-5)
2025-11-23 17:14:14 - Счётчик увеличен: 118 -> 119 (поток: pool-3-thread-3)
2025-11-23 17:14:14 - Счётчик увеличен: 119 -> 120 (поток: pool-3-thread-6)
2025-11-23 17:14:14 - Счётчик увеличен: 120 -> 121 (поток: pool-3-thread-7)
2025-11-23 17:14:14 - Счётчик увеличен: 121 -> 122 (поток: pool-3-thread-1)
2025-11-23 17:14:14 - Счётчик увеличен: 122 -> 123 (поток: pool-3-thread-8)
2025-11-23 17:14:14 - Счётчик увеличен: 123 -> 124 (поток: pool-3-thread-9)
2025-11-23 17:14:14 - Счётчик увеличен: 124 -> 125 (поток: pool-3-thread-2)
2025-11-23 17:14:14 - Счётчик увеличен: 125 -> 126 (поток: pool-3-thread-10)
2025-11-23 17:14:14 - Счётчик увеличен: 126 -> 127 (поток: pool-3-thread-4)
2025-11-23 17:14:14 - Счётчик увеличен: 127 -> 128 (поток: pool-3-thread-5)
2025-11-23 17:14:14 - Счётчик увеличен: 128 -> 129 (поток: pool-3-thread-3)
2025-11-23 17:14:14 - Счётчик увеличен: 129 -> 130 (поток: pool-3-thread-6)
2025-11-23 17:14:14 - Счётчик увеличен: 130 -> 131 (поток: pool-3-thread-7)
2025-11-23 17:14:14 - Счётчик увеличен: 131 -> 132 (поток: pool-3-thread-1)
2025-11-23 17:14:14 - Счётчик увеличен: 132 -> 133 (поток: pool-3-thread-8)
2025-11-23 17:14:14 - Счётчик увеличен: 133 -> 134 (поток: pool-3-thread-9)
2025-11-23 17:14:14 - Счётчик увеличен: 134 -> 135 (поток: pool-3-thread-2)
2025-11-23 17:14:14 - Счётчик увеличен: 135 -> 136 (поток: pool-3-thread-10)
2025-11-23 17:14:14 - Счётчик увеличен: 136 -> 137 (поток: pool-3-thread-4)
2025-11-23 17:14:14 - Счётчик увеличен: 137 -> 138 (поток: pool-3-thread-5)
2025-11-23 17:14:14 - Счётчик увеличен: 138 -> 139 (поток: pool-3-thread-3)
2025-11-23 17:14:14 - Счётчик увеличен: 139 -> 140 (поток: pool-3-thread-6)
2025-11-23 17:14:14 - Счётчик увеличен: 140 -> 141 (поток: pool-3-thread-7)
2025-11-23 17:14:14 - Счётчик увеличен: 141 -> 142 (поток: pool-3-thread-1)
2025-11-23 17:14:14 - Счётчик увеличен: 142 -> 143 (поток: pool-3-thread-8)
2025-11-23 17:14:14 - Счётчик увеличен: 143 -> 144 (поток: pool-3-thread-9)
2025-11-23 17:14:14 - Счётчик увеличен: 144 -> 145 (поток: pool-3-thread-2)
2025-11-23 17:14:14 - Счётчик увеличен: 145 -> 146 (поток: pool-3-thread-10)
2025-11-23 17:14:14 - Счётчик увеличен: 146 -> 147 (поток: pool-3-thread-4)
2025-11-23 17:14:14 - Счётчик увеличен: 147 -> 148 (поток: pool-3-thread-5)
2025-11-23 17:14:14 - Счётчик увеличен: 148 -> 149 (поток: pool-3-thread-3)
2025-11-23 17:14:14 - Счётчик увеличен: 149 -> 150 (поток: pool-3-thread-6)
2025-11-23 17:14:14 - Счётчик увеличен: 150 -> 151 (поток: pool-3-thread-7)
2025-11-23 17:14:14 - Счётчик увеличен: 151 -> 152 (поток: pool-3-thread-1)
2025-11-23 17:14:14 - Счётчик увеличен: 152 -> 153 (поток: pool-3-thread-8)
2025-11-23 17:14:14 - Счётчик увеличен: 153 -> 154 (поток: pool-3-thread-9)
2025-11-23 17:14:14 - Счётчик увеличен: 154 -> 155 (поток: pool-3-thread-2)
2025-11-23 17:14:14 - Счётчик увеличен: 155 -> 156 (поток: pool-3-thread-10)
2025-11-23 17:14:14 - Счётчик увеличен: 156 -> 157 (поток: pool-3-thread-4)
2025-11-23 17:14:14 - Счётчик увеличен: 157 -> 158 (поток: pool-3-thread-5)
2025-11-23 17:14:14 - Счётчик увеличен: 158 -> 159 (поток: pool-3-thread-3)
2025-11-23 17:14:14 - Счётчик увеличен: 159 -> 160 (поток: pool-3-thread-6)
2025-11-23 17:14:14 - Счётчик увеличен: 160 -> 161 (поток: pool-3-thread-7)
2025-11-23 17:14:14 - Счётчик увеличен: 161 -> 162 (поток: pool-3-thread-1)
2025-11-23 17:14:14 - Счётчик увеличен: 162 -> 163 (поток: pool-3-thread-8)
2025-11-23 17:14:14 - Счётчик увеличен: 163 -> 164 (поток: pool-3-thread-9)
2025-11-23 17:14:14 - Счётчик увеличен: 164 -> 165 (поток: pool-3-thread-2)
2025-11-23 17:14:14 - Счётчик увеличен: 165 -> 166 (поток: pool-3-thread-10)
2025-11-23 17:14:14 - Счётчик увеличен: 166 -> 167 (поток: pool-3-thread-4)
2025-11-23 17:14:14 - Счётчик увеличен: 167 -> 168 (поток: pool-3-thread-5)
2025-11-23 17:14:14 - Счётчик увеличен: 168 -> 169 (поток: pool-3-thread-3)
2025-11-23 17:14:14 - Счётчик увеличен: 169 -> 170 (поток: pool-3-thread-6)
2025-11-23 17:14:14 - Счётчик увеличен: 170 -> 171 (поток: pool-3-thread-7)
2025-11-23 17:14:14 - Счётчик увеличен: 171 -> 172 (поток: pool-3-thread-1)
2025-11-23 17:14:14 - Счётчик увеличен: 172 -> 173 (поток: pool-3-thread-8)
2025-11-23 17:14:14 - Счётчик увеличен: 173 -> 174 (поток: pool-3-thread-9)
2025-11-23 17:14:14 - Счётчик увеличен: 174 -> 175 (поток: pool-3-thread-2)
2025-11-23 17:14:14 - Счётчик увеличен: 175 -> 176 (поток: pool-3-thread-10)
2025-11-23 17:14:14 - Счётчик увеличен: 176 -> 177 (поток: pool-3-thread-4)
2025-11-23 17:14:14 - Счётчик увеличен: 177 -> 178 (поток: pool-3-thread-5)
2025-11-23 17:14:14 - Счётчик увеличен: 178 -> 179 (поток: pool-3-thread-3)
2025-11-23 17:14:14 - Счётчик увеличен: 179 -> 180 (поток: pool-3-thread-6)
2025-11-23 17:14:14 - Счётчик увеличен: 180 -> 181 (поток: pool-3-thread-7)
2025-11-23 17:14:14 - Счётчик увеличен: 181 -> 182 (поток: pool-3-thread-1)
2025-11-23 17:14:14 - Счётчик увеличен: 182 -> 183 (поток: pool-3-thread-8)
2025-11-23 17:14:14 - Счётчик увеличен: 183 -> 184 (поток: pool-3-thread-9)
2025-11-23 17:14:14 - Счётчик увеличен: 184 -> 185 (поток: pool-3-thread-2)
2025-11-23 17:14:14 - Счётчик увеличен: 185 -> 186 (поток: pool-3-thread-10)
2025-11-23 17:14:14 - Счётчик увеличен: 186 -> 187 (поток: pool-3-thread-4)
2025-11-23 17:14:14 - Счётчик увеличен: 187 -> 188 (поток: pool-3-thread-5)
2025-11-23 17:14:14 - Счётчик увеличен: 188 -> 189 (поток: pool-3-thread-3)
2025-11-23 17:14:14 - Счётчик увеличен: 189 -> 190 (поток: pool-3-thread-6)
2025-11-23 17:14:14 - Счётчик увеличен: 190 -> 191 (поток: pool-3-thread-7)
2025-11-23 17:14:14 - Счётчик увеличен: 191 -> 192 (поток: pool-3-thread-1)
2025-11-23 17:14:14 - Счётчик увеличен: 192 -> 193 (поток: pool-3-thread-8)
2025-11-23 17:14:14 - Счётчик увеличен: 193 -> 194 (поток: pool-3-thread-9)
2025-11-23 17:14:14 - Счётчик увеличен: 194 -> 195 (поток: pool-3-thread-2)
2025-11-23 17:14:14 - Счётчик увеличен: 195 -> 196 (поток: pool-3-thread-10)
2025-11-23 17:14:14 - Счётчик увеличен: 196 -> 197 (поток: pool-3-thread-4)
2025-11-23 17:14:14 - Счётчик увеличен: 197 -> 198 (поток: pool-3-thread-5)
2025-11-23 17:14:14 - Счётчик увеличен: 198 -> 199 (поток: pool-3-thread-3)
2025-11-23 17:14:14 - Счётчик увеличен: 199 -> 200 (поток: pool-3-thread-6)
2025-11-23 17:14:14 - Счётчик увеличен: 200 -> 201 (поток: pool-3-thread-7)
2025-11-23 17:14:14 - Счётчик увеличен: 201 -> 202 (поток: pool-3-thread-1)
2025-11-23 17:14:14 - Счётчик увеличен: 202 -> 203 (поток: pool-3-thread-8)
2025-11-23 17:14:14 - Счётчик увеличен: 203 -> 204 (поток: pool-3-thread-9)
2025-11-23 17:14:14 - Счётчик увеличен: 204 -> 205 (поток: pool-3-thread-2)
2025-11-23 17:14:14 - Счётчик увеличен: 205 -> 206 (поток: pool-3-thread-10)
2025-11-23 17:14:14 - Счётчик увеличен: 206 -> 207 (поток: pool-3-thread-4)
2025-11-23 17:14:14 - Счётчик увеличен: 207 -> 208 (поток: pool-3-thread-5)
2025-11-23 17:14:14 - Счётчик увеличен: 208 -> 209 (поток: pool-3-thread-3)
2025-11-23 17:14:14 - Счётчик увеличен: 209 -> 210 (поток: pool-3-thread-6)
2025-11-23 17:14:14 - Счётчик увеличен: 210 -> 211 (поток: pool-3-thread-7)
2025-11-23 17:14:14 - Счётчик увеличен: 211 -> 212 (поток: pool-3-thread-1)
2025-11-23 17:14:14 - Счётчик увеличен: 212 -> 213 (поток: pool-3-thread-8)
2025-11-23 17:14:14 - Счётчик увеличен: 213 -> 214 (поток: pool-3-thread-9)
2025-11-23 17:14:14 - Счётчик увеличен: 214 -> 215 (поток: pool-3-thread-2)
2025-11-23 17:14:14 - Счётчик увеличен: 215 -> 216 (поток: pool-3-thread-10)
2025-11-23 17:14:14 - Счётчик увеличен: 216 -> 217 (поток: pool-3-thread-4)
2025-11-23 17:14:14 - Счётчик увеличен: 217 -> 218 (поток: pool-3-thread-5)
2025-11-23 17:14:14 - Счётчик увеличен: 218 -> 219 (поток: pool-3-thread-3)
2025-11-23 17:14:14 - Счётчик увеличен: 219 -> 220 (поток: pool-3-thread-6)
2025-11-23 17:14:14 - Счётчик увеличен: 220 -> 221 (поток: pool-3-thread-7)
2025-11-23 17:14:14 - Счётчик увеличен: 221 -> 222 (поток: pool-3-thread-1)
2025-11-23 17:14:14 - Счётчик увеличен: 222 -> 223 (поток: pool-3-thread-8)
2025-11-23 17:14:14 - Счётчик увеличен: 223 -> 224 (поток: pool-3-thread-9)
2025-11-23 17:14:14 - Счётчик увеличен: 224 -> 225 (поток: pool-3-thread-2)
2025-11-23 17:14:14 - Счётчик увеличен: 225 -> 226 (поток: pool-3-thread-10)
2025-11-23 17:14:14 - Счётчик увеличен: 226 -> 227 (поток: pool-3-thread-4)
2025-11-23 17:14:14 - Счётчик увеличен: 227 -> 228 (поток: pool-3-thread-5)
2025-11-23 17:14:14 - Счётчик увеличен: 228 -> 229 (поток: pool-3-thread-3)
2025-11-23 17:14:14 - Счётчик увеличен: 229 -> 230 (поток: pool-3-thread-6)
2025-11-23 17:14:14 - Счётчик увеличен: 230 -> 231 (поток: pool-3-thread-7)
2025-11-23 17:14:14 - Счётчик увеличен: 231 -> 232 (поток: pool-3-thread-1)
2025-11-23 17:14:14 - Счётчик увеличен: 232 -> 233 (поток: pool-3-thread-8)
2025-11-23 17:14:14 - Счётчик увеличен: 233 -> 234 (поток: pool-3-thread-9)
2025-11-23 17:14:14 - Счётчик увеличен: 234 -> 235 (поток: pool-3-thread-2)
2025-11-23 17:14:14 - Счётчик увеличен: 235 -> 236 (поток: pool-3-thread-10)
2025-11-23 17:14:14 - Счётчик увеличен: 236 -> 237 (поток: pool-3-thread-4)
2025-11-23 17:14:14 - Счётчик увеличен: 237 -> 238 (поток: pool-3-thread-5)
2025-11-23 17:14:14 - Счётчик увеличен: 238 -> 239 (поток: pool-3-thread-3)
2025-11-23 17:14:14 - Счётчик увеличен: 239 -> 240 (поток: pool-3-thread-6)
2025-11-23 17:14:14 - Счётчик увеличен: 240 -> 241 (поток: pool-3-thread-7)
2025-11-23 17:14:14 - Счётчик увеличен: 241 -> 242 (поток: pool-3-thread-1)
2025-11-23 17:14:14 - Счётчик увеличен: 242 -> 243 (поток: pool-3-thread-8)
2025-11-23 17:14:14 - Счётчик увеличен: 243 -> 244 (поток: pool-3-thread-9)
2025-11-23 17:14:14 - Счётчик увеличен: 244 -> 245 (поток: pool-3-thread-2)
2025-11-23 17:14:14 - Счётчик увеличен: 245 -> 246 (поток: pool-3-thread-10)
2025-11-23 17:14:14 - Счётчик увеличен: 246 -> 247 (поток: pool-3-thread-4)
2025-11-23 17:14:14 - Счётчик увеличен: 247 -> 248 (поток: pool-3-thread-5)
2025-11-23 17:14:14 - Счётчик увеличен: 248 -> 249 (поток: pool-3-thread-3)
2025-11-23 17:14:14 - Счётчик увеличен: 249 -> 250 (поток: pool-3-thread-6)
2025-11-23 17:14:14 - Счётчик увеличен: 250 -> 251 (поток: pool-3-thread-7)
2025-11-23 17:14:14 - Счётчик увеличен: 251 -> 252 (поток: pool-3-thread-1)
2025-11-23 17:14:14 - Счётчик увеличен: 252 -> 253 (поток: pool-3-thread-8)
2025-11-23 17:14:14 - Счётчик увеличен: 253 -> 254 (поток: pool-3-thread-9)
2025-11-23 17:14:14 - Счётчик увеличен: 254 -> 255 (поток: pool-3-thread-2)
2025-11-23 17:14:14 - Счётчик увеличен: 255 -> 256 (поток: pool-3-thread-10)
2025-11-23 17:14:14 - Счётчик увеличен: 256 -> 257 (поток: pool-3-thread-4)
2025-11-23 17:14:14 - Счётчик увеличен: 257 -> 258 (поток: pool-3-thread-5)
2025-11-23 17:14:14 - Счётчик увеличен: 258 -> 259 (поток: pool-3-thread-3)
2025-11-23 17:14:14 - Счётчик увеличен: 259 -> 260 (поток: pool-3-thread-6)
2025-11-23 17:14:14 - Счётчик увеличен: 260 -> 261 (поток: pool-3-thread-7)
2025-11-23 17:14:14 - Счётчик увеличен: 261 -> 262 (поток: pool-3-thread-1)
2025-11-23 17:14:14 - Счётчик увеличен: 262 -> 263 (поток: pool-3-thread-8)
2025-11-23 17:14:14 - Счётчик увеличен: 263 -> 264 (поток: pool-3-thread-9)
2025-11-23 17:14:14 - Счётчик увеличен: 264 -> 265 (поток: pool-3-thread-2)
2025-11-23 17:14:14 - Счётчик увеличен: 265 -> 266 (поток: pool-3-thread-10)
2025-11-23 17:14:14 - Счётчик увеличен: 266 -> 267 (поток: pool-3-thread-4)
2025-11-23 17:14:14 - Счётчик увеличен: 267 -> 268 (поток: pool-3-thread-5)
2025-11-23 17:14:14 - Счётчик увеличен: 268 -> 269 (поток: pool-3-thread-3)
2025-11-23 17:14:14 - Счётчик увеличен: 269 -> 270 (поток: pool-3-thread-6)
2025-11-23 17:14:14 - Счётчик увеличен: 270 -> 271 (поток: pool-3-thread-7)
2025-11-23 17:14:14 - Счётчик увеличен: 271 -> 272 (поток: pool-3-thread-1)
2025-11-23 17:14:14 - Счётчик увеличен: 272 -> 273 (поток: pool-3-thread-8)
2025-11-23 17:14:14 - Счётчик увеличен: 273 -> 274 (поток: pool-3-thread-9)
2025-11-23 17:14:14 - Счётчик увеличен: 274 -> 275 (поток: pool-3-thread-2)
2025-11-23 17:14:14 - Счётчик увеличен: 275 -> 276 (поток: pool-3-thread-10)
2025-11-23 17:14:14 - Счётчик увеличен: 276 -> 277 (поток: pool-3-thread-4)
2025-11-23 17:14:14 - Счётчик увеличен: 277 -> 278 (поток: pool-3-thread-5)
2025-11-23 17:14:14 - Счётчик увеличен: 278 -> 279 (поток: pool-3-thread-3)
2025-11-23 17:14:14 - Счётчик увеличен: 279 -> 280 (поток: pool-3-thread-6)
2025-11-23 17:14:14 - Счётчик увеличен: 280 -> 281 (поток: pool-3-thread-7)
2025-11-23 17:14:14 - Счётчик увеличен: 281 -> 282 (поток: pool-3-thread-1)
2025-11-23 17:14:14 - Счётчик увеличен: 282 -> 283 (поток: pool-3-thread-8)
2025-11-23 17:14:14 - Счётчик увеличен: 283 -> 284 (поток: pool-3-thread-9)
2025-11-23 17:14:14 - Счётчик увеличен: 284 -> 285 (поток: pool-3-thread-2)
2025-11-23 17:14:14 - Счётчик увеличен: 285 -> 286 (поток: pool-3-thread-10)
2025-11-23 17:14:14 - Счётчик увеличен: 286 -> 287 (поток: pool-3-thread-4)
2025-11-23 17:14:14 - Счётчик увеличен: 287 -> 288 (поток: pool-3-thread-5)
2025-11-23 17:14:14 - Счётчик увеличен: 288 -> 289 (поток: pool-3-thread-3)
2025-11-23 17:14:14 - Счётчик увеличен: 289 -> 290 (поток: pool-3-thread-6)
2025-11-23 17:14:14 - Счётчик увеличен: 290 -> 291 (поток: pool-3-thread-7)
2025-11-23 17:14:14 - Счётчик увеличен: 291 -> 292 (поток: pool-3-thread-1)
2025-11-23 17:14:14 - Счётчик увеличен: 292 -> 293 (поток: pool-3-thread-8)
2025-11-23 17:14:14 - Счётчик увеличен: 293 -> 294 (поток: pool-3-thread-9)
2025-11-23 17:14:14 - Счётчик увеличен: 294 -> 295 (поток: pool-3-thread-2)
2025-11-23 17:14:14 - Счётчик увеличен: 295 -> 296 (поток: pool-3-thread-10)
2025-11-23 17:14:14 - Счётчик увеличен: 296 -> 297 (поток: pool-3-thread-4)
2025-11-23 17:14:14 - Счётчик увеличен: 297 -> 298 (поток: pool-3-thread-5)
2025-11-23 17:14:14 - Счётчик увеличен: 298 -> 299 (поток: pool-3-thread-3)
2025-11-23 17:14:14 - Счётчик увеличен: 299 -> 300 (поток: pool-3-thread-6)
2025-11-23 17:14:14 - Счётчик увеличен: 300 -> 301 (поток: pool-3-thread-7)
2025-11-23 17:14:14 - Счётчик увеличен: 301 -> 302 (поток: pool-3-thread-1)
2025-11-23 17:14:14 - Счётчик увеличен: 302 -> 303 (поток: pool-3-thread-8)
2025-11-23 17:14:14 - Счётчик увеличен: 303 -> 304 (поток: pool-3-thread-9)
2025-11-23 17:14:14 - Счётчик увеличен: 304 -> 305 (поток: pool-3-thread-2)
2025-11-23 17:14:14 - Счётчик увеличен: 305 -> 306 (поток: pool-3-thread-10)
2025-11-23 17:14:14 - Счётчик увеличен: 306 -> 307 (поток: pool-3-thread-4)
2025-11-23 17:14:14 - Счётчик увеличен: 307 -> 308 (поток: pool-3-thread-5)
2025-11-23 17:14:14 - Счётчик увеличен: 308 -> 309 (поток: pool-3-thread-3)
2025-11-23 17:14:14 - Счётчик увеличен: 309 -> 310 (поток: pool-3-thread-6)
2025-11-23 17:14:14 - Счётчик увеличен: 310 -> 311 (поток: pool-3-thread-7)
2025-11-23 17:14:14 - Счётчик увеличен: 311 -> 312 (поток: pool-3-thread-1)
2025-11-23 17:14:14 - Счётчик увеличен: 312 -> 313 (поток: pool-3-thread-8)
2025-11-23 17:14:14 - Счётчик увеличен: 313 -> 314 (поток: pool-3-thread-9)
2025-11-23 17:14:14 - Счётчик увеличен: 314 -> 315 (поток: pool-3-thread-2)
2025-11-23 17:14:14 - Счётчик увеличен: 315 -> 316 (поток: pool-3-thread-10)
2025-11-23 17:14:14 - Счётчик увеличен: 316 -> 317 (поток: pool-3-thread-4)
2025-11-23 17:14:14 - Счётчик увеличен: 317 -> 318 (поток: pool-3-thread-5)
2025-11-23 17:14:14 - Счётчик увеличен: 318 -> 319 (поток: pool-3-thread-3)
2025-11-23 17:14:14 - Счётчик увеличен: 319 -> 320 (поток: pool-3-thread-6)
2025-11-23 17:14:14 - Счётчик увеличен: 320 -> 321 (поток: pool-3-thread-7)
2025-11-23 17:14:14 - Счётчик увеличен: 321 -> 322 (поток: pool-3-thread-1)
2025-11-23 17:14:14 - Счётчик увеличен: 322 -> 323 (поток: pool-3-thread-8)
2025-11-23 17:14:14 - Счётчик увеличен: 323 -> 324 (поток: pool-3-thread-9)
2025-11-23 17:14:14 - Счётчик увеличен: 324 -> 325 (поток: pool-3-thread-2)
2025-11-23 17:14:14 - Счётчик увеличен: 325 -> 326 (поток: pool-3-thread-10)
2025-11-23 17:14:14 - Счётчик увеличен: 326 -> 327 (поток: pool-3-thread-4)
2025-11-23 17:14:14 - Счётчик увеличен: 327 -> 328 (поток: pool-3-thread-5)
2025-11-23 17:14:14 - Счётчик увеличен: 328 -> 329 (поток: pool-3-thread-3)
2025-11-23 17:14:14 - Счётчик увеличен: 329 -> 330 (поток: pool-3-thread-6)
2025-11-23 17:14:14 - Счётчик увеличен: 330 -> 331 (поток: pool-3-thread-7)
2025-11-23 17:14:14 - Счётчик увеличен: 331 -> 332 (поток: pool-3-thread-1)
2025-11-23 17:14:14 - Счётчик увеличен: 332 -> 333 (поток: pool-3-thread-8)
2025-11-23 17:14:14 - Счётчик увеличен: 333 -> 334 (поток: pool-3-thread-9)
2025-11-23 17:14:14 - Счётчик увеличен: 334 -> 335 (поток: pool-3-thread-2)
2025-11-23 17:14:14 - Счётчик увеличен: 335 -> 336 (поток: pool-3-thread-10)
2025-11-23 17:14:14 - Счётчик увеличен: 336 -> 337 (поток: pool-3-thread-4)
2025-11-23 17:14:14 - Счётчик увеличен: 337 -> 338 (поток: pool-3-thread-5)
2025-11-23 17:14:14 - Счётчик увеличен: 338 -> 339 (поток: pool-3-thread-3)
2025-11-23 17:14:14 - Счётчик увеличен: 339 -> 340 (поток: pool-3-thread-6)
2025-11-23 17:14:14 - Счётчик увеличен: 340 -> 341 (поток: pool-3-thread-7)
2025-11-23 17:14:14 - Счётчик увеличен: 341 -> 342 (поток: pool-3-thread-1)
2025-11-23 17:14:14 - Счётчик увеличен: 342 -> 343 (поток: pool-3-thread-8)
2025-11-23 17:14:14 - Счётчик увеличен: 343 -> 344 (поток: pool-3-thread-9)
2025-11-23 17:14:14 - Счётчик увеличен: 344 -> 345 (поток: pool-3-thread-2)
2025-11-23 17:14:14 - Счётчик увеличен: 345 -> 346 (поток: pool-3-thread-10)
2025-11-23 17:14:14 - Счётчик увеличен: 346 -> 347 (поток: pool-3-thread-4)
2025-11-23 17:14:14 - Счётчик увеличен: 347 -> 348 (поток: pool-3-thread-5)
2025-11-23 17:14:14 - Счётчик увеличен: 348 -> 349 (поток: pool-3-thread-3)
2025-11-23 17:14:14 - Счётчик увеличен: 349 -> 350 (поток: pool-3-thread-6)
2025-11-23 17:14:14 - Счётчик увеличен: 350 -> 351 (поток: pool-3-thread-7)
2025-11-23 17:14:14 - Счётчик увеличен: 351 -> 352 (поток: pool-3-thread-1)
2025-11-23 17:14:14 - Счётчик увеличен: 352 -> 353 (поток: pool-3-thread-8)
2025-11-23 17:14:14 - Счётчик увеличен: 353 -> 354 (поток: pool-3-thread-9)
2025-11-23 17:14:14 - Счётчик увеличен: 354 -> 355 (поток: pool-3-thread-2)
2025-11-23 17:14:14 - Счётчик увеличен: 355 -> 356 (поток: pool-3-thread-10)
2025-11-23 17:14:14 - Счётчик увеличен: 356 -> 357 (поток: pool-3-thread-4)
2025-11-23 17:14:14 - Счётчик увеличен: 357 -> 358 (поток: pool-3-thread-5)
2025-11-23 17:14:14 - Счётчик увеличен: 358 -> 359 (поток: pool-3-thread-3)
2025-11-23 17:14:14 - Счётчик увеличен: 359 -> 360 (поток: pool-3-thread-6)
2025-11-23 17:14:14 - Счётчик увеличен: 360 -> 361 (поток: pool-3-thread-7)
2025-11-23 17:14:14 - Счётчик увеличен: 361 -> 362 (поток: pool-3-thread-1)
2025-11-23 17:14:14 - Счётчик увеличен: 362 -> 363 (поток: pool-3-thread-8)
2025-11-23 17:14:14 - Счётчик увеличен: 363 -> 364 (поток: pool-3-thread-9)
2025-11-23 17:14:14 - Счётчик увеличен: 364 -> 365 (поток: pool-3-thread-2)
2025-11-23 17:14:14 - Счётчик увеличен: 365 -> 366 (поток: pool-3-thread-10)
2025-11-23 17:14:14 - Счётчик увеличен: 366 -> 367 (поток: pool-3-thread-4)
2025-11-23 17:14:14 - Счётчик увеличен: 367 -> 368 (поток: pool-3-thread-5)
2025-11-23 17:14:14 - Счётчик увеличен: 368 -> 369 (поток: pool-3-thread-3)
2025-11-23 17:14:14 - Счётчик увеличен: 369 -> 370 (поток: pool-3-thread-6)
2025-11-23 17:14:14 - Счётчик увеличен: 370 -> 371 (поток: pool-3-thread-7)
2025-11-23 17:14:14 - Счётчик увеличен: 371 -> 372 (поток: pool-3-thread-1)
2025-11-23 17:14:14 - Счётчик увеличен: 372 -> 373 (поток: pool-3-thread-8)
2025-11-23 17:14:14 - Счётчик увеличен: 373 -> 374 (поток: pool-3-thread-9)
2025-11-23 17:14:14 - Счётчик увеличен: 374 -> 375 (поток: pool-3-thread-2)
2025-11-23 17:14:14 - Счётчик увеличен: 375 -> 376 (поток: pool-3-thread-10)
2025-11-23 17:14:14 - Счётчик увеличен: 376 -> 377 (поток: pool-3-thread-4)
2025-11-23 17:14:14 - Счётчик увеличен: 377 -> 378 (поток: pool-3-thread-5)
2025-11-23 17:14:14 - Счётчик увеличен: 378 -> 379 (поток: pool-3-thread-3)
2025-11-23 17:14:14 - Счётчик увеличен: 379 -> 380 (поток: pool-3-thread-6)
2025-11-23 17:14:14 - Счётчик увеличен: 380 -> 381 (поток: pool-3-thread-7)
2025-11-23 17:14:14 - Счётчик увеличен: 381 -> 382 (поток: pool-3-thread-1)
2025-11-23 17:14:14 - Счётчик увеличен: 382 -> 383 (поток: pool-3-thread-8)
2025-11-23 17:14:14 - Счётчик увеличен: 383 -> 384 (поток: pool-3-thread-9)
2025-11-23 17:14:14 - Счётчик увеличен: 384 -> 385 (поток: pool-3-thread-2)
2025-11-23 17:14:14 - Счётчик увеличен: 385 -> 386 (поток: pool-3-thread-10)
2025-11-23 17:14:14 - Счётчик увеличен: 386 -> 387 (поток: pool-3-thread-4)
2025-11-23 17:14:14 - Счётчик увеличен: 387 -> 388 (поток: pool-3-thread-5)
2025-11-23 17:14:14 - Счётчик увеличен: 388 -> 389 (поток: pool-3-thread-3)
2025-11-23 17:14:14 - Счётчик увеличен: 389 -> 390 (поток: pool-3-thread-6)
2025-11-23 17:14:14 - Счётчик увеличен: 390 -> 391 (поток: pool-3-thread-7)
2025-11-23 17:14:14 - Счётчик увеличен: 391 -> 392 (поток: pool-3-thread-1)
2025-11-23 17:14:14 - Счётчик увеличен: 392 -> 393 (поток: pool-3-thread-8)
2025-11-23 17:14:14 - Счётчик увеличен: 393 -> 394 (поток: pool-3-thread-9)
2025-11-23 17:14:14 - Счётчик увеличен: 394 -> 395 (поток: pool-3-thread-2)
2025-11-23 17:14:14 - Счётчик увеличен: 395 -> 396 (поток: pool-3-thread-10)
2025-11-23 17:14:14 - Счётчик увеличен: 396 -> 397 (поток: pool-3-thread-4)
2025-11-23 17:14:14 - Счётчик увеличен: 397 -> 398 (поток: pool-3-thread-5)
2025-11-23 17:14:14 - Счётчик увеличен: 398 -> 399 (поток: pool-3-thread-3)
2025-11-23 17:14:14 - Счётчик увеличен: 399 -> 400 (поток: pool-3-thread-6)
2025-11-23 17:14:14 - Счётчик увеличен: 400 -> 401 (поток: pool-3-thread-7)
2025-11-23 17:14:14 - Счётчик увеличен: 401 -> 402 (поток: pool-3-thread-1)
2025-11-23 17:14:14 - Счётчик увеличен: 402 -> 403 (поток: pool-3-thread-8)
2025-11-23 17:14:14 - Счётчик увеличен: 403 -> 404 (поток: pool-3-thread-9)
2025-11-23 17:14:14 - Счётчик увеличен: 404 -> 405 (поток: pool-3-thread-2)
2025-11-23 17:14:14 - Счётчик увеличен: 405 -> 406 (поток: pool-3-thread-10)
2025-11-23 17:14:14 - Счётчик увеличен: 406 -> 407 (поток: pool-3-thread-4)
2025-11-23 17:14:14 - Счётчик увеличен: 407 -> 408 (поток: pool-3-thread-5)
2025-11-23 17:14:14 - Счётчик увеличен: 408 -> 409 (поток: pool-3-thread-3)
2025-11-23 17:14:14 - Счётчик увеличен: 409 -> 410 (поток: pool-3-thread-6)
2025-11-23 17:14:14 - Счётчик увеличен: 410 -> 411 (поток: pool-3-thread-7)
2025-11-23 17:14:14 - Счётчик увеличен: 411 -> 412 (поток: pool-3-thread-1)
2025-11-23 17:14:14 - Счётчик увеличен: 412 -> 413 (поток: pool-3-thread-8)
2025-11-23 17:14:14 - Счётчик увеличен: 413 -> 414 (поток: pool-3-thread-9)
2025-11-23 17:14:14 - Счётчик увеличен: 414 -> 415 (поток: pool-3-thread-2)
2025-11-23 17:14:14 - Счётчик увеличен: 415 -> 416 (поток: pool-3-thread-10)
2025-11-23 17:14:14 - Счётчик увеличен: 416 -> 417 (поток: pool-3-thread-4)
2025-11-23 17:14:14 - Счётчик увеличен: 417 -> 418 (поток: pool-3-thread-5)
2025-11-23 17:14:14 - Счётчик увеличен: 418 -> 419 (поток: pool-3-thread-3)
2025-11-23 17:14:14 - Счётчик увеличен: 419 -> 420 (поток: pool-3-thread-6)
2025-11-23 17:14:14 - Счётчик увеличен: 420 -> 421 (поток: pool-3-thread-7)
2025-11-23 17:14:14 - Счётчик увеличен: 421 -> 422 (поток: pool-3-thread-1)
2025-11-23 17:14:14 - Счётчик увеличен: 422 -> 423 (поток: pool-3-thread-8)
2025-11-23 17:14:14 - Счётчик увеличен: 423 -> 424 (поток: pool-3-thread-9)
2025-11-23 17:14:14 - Счётчик увеличен: 424 -> 425 (поток: pool-3-thread-2)
2025-11-23 17:14:14 - Счётчик увеличен: 425 -> 426 (поток: pool-3-thread-10)
2025-11-23 17:14:14 - Счётчик увеличен: 426 -> 427 (поток: pool-3-thread-4)
2025-11-23 17:14:14 - Счётчик увеличен: 427 -> 428 (поток: pool-3-thread-5)
2025-11-23 17:14:14 - Счётчик увеличен: 428 -> 429 (поток: pool-3-thread-3)
2025-11-23 17:14:14 - Счётчик увеличен: 429 -> 430 (поток: pool-3-thread-6)
2025-11-23 17:14:14 - Счётчик увеличен: 430 -> 431 (поток: pool-3-thread-7)
2025-11-23 17:14:14 - Счётчик увеличен: 431 -> 432 (поток: pool-3-thread-1)
2025-11-23 17:14:14 - Счётчик увеличен: 432 -> 433 (поток: pool-3-thread-8)
2025-11-23 17:14:14 - Счётчик увеличен: 433 -> 434 (поток: pool-3-thread-9)
2025-11-23 17:14:14 - Счётчик увеличен: 434 -> 435 (поток: pool-3-thread-2)
2025-11-23 17:14:14 - Счётчик увеличен: 435 -> 436 (поток: pool-3-thread-10)
2025-11-23 17:14:14 - Счётчик увеличен: 436 -> 437 (поток: pool-3-thread-4)
2025-11-23 17:14:14 - Счётчик увеличен: 437 -> 438 (поток: pool-3-thread-5)
2025-11-23 17:14:14 - Счётчик увеличен: 438 -> 439 (поток: pool-3-thread-3)
2025-11-23 17:14:14 - Счётчик увеличен: 439 -> 440 (поток: pool-3-thread-6)
2025-11-23 17:14:14 - Счётчик увеличен: 440 -> 441 (поток: pool-3-thread-7)
2025-11-23 17:14:14 - Счётчик увеличен: 441 -> 442 (поток: pool-3-thread-1)
2025-11-23 17:14:14 - Счётчик увеличен: 442 -> 443 (поток: pool-3-thread-8)
2025-11-23 17:14:14 - Счётчик увеличен: 443 -> 444 (поток: pool-3-thread-9)
2025-11-23 17:14:14 - Счётчик увеличен: 444 -> 445 (поток: pool-3-thread-2)
2025-11-23 17:14:14 - Счётчик увеличен: 445 -> 446 (поток: pool-3-thread-10)
2025-11-23 17:14:14 - Счётчик увеличен: 446 -> 447 (поток: pool-3-thread-4)
2025-11-23 17:14:14 - Счётчик увеличен: 447 -> 448 (поток: pool-3-thread-5)
2025-11-23 17:14:14 - Счётчик увеличен: 448 -> 449 (поток: pool-3-thread-3)
2025-11-23 17:14:14 - Счётчик увеличен: 449 -> 450 (поток: pool-3-thread-6)
2025-11-23 17:14:14 - Счётчик увеличен: 450 -> 451 (поток: pool-3-thread-7)
2025-11-23 17:14:14 - Счётчик увеличен: 451 -> 452 (поток: pool-3-thread-1)
2025-11-23 17:14:14 - Счётчик увеличен: 452 -> 453 (поток: pool-3-thread-8)
2025-11-23 17:14:14 - Счётчик увеличен: 453 -> 454 (поток: pool-3-thread-9)
2025-11-23 17:14:14 - Счётчик увеличен: 454 -> 455 (поток: pool-3-thread-2)
2025-11-23 17:14:14 - Счётчик увеличен: 455 -> 456 (поток: pool-3-thread-10)
2025-11-23 17:14:14 - Счётчик увеличен: 456 -> 457 (поток: pool-3-thread-4)
2025-11-23 17:14:14 - Счётчик увеличен: 457 -> 458 (поток: pool-3-thread-5)
2025-11-23 17:14:14 - Счётчик увеличен: 458 -> 459 (поток: pool-3-thread-3)
2025-11-23 17:14:14 - Счётчик увеличен: 459 -> 460 (поток: pool-3-thread-6)
2025-11-23 17:14:14 - Счётчик увеличен: 460 -> 461 (поток: pool-3-thread-7)
2025-11-23 17:14:14 - Счётчик увеличен: 461 -> 462 (поток: pool-3-thread-1)
2025-11-23 17:14:14 - Счётчик увеличен: 462 -> 463 (поток: pool-3-thread-8)
2025-11-23 17:14:14 - Счётчик увеличен: 463 -> 464 (поток: pool-3-thread-9)
2025-11-23 17:14:14 - Счётчик увеличен: 464 -> 465 (поток: pool-3-thread-2)
2025-11-23 17:14:14 - Счётчик увеличен: 465 -> 466 (поток: pool-3-thread-10)
2025-11-23 17:14:14 - Счётчик увеличен: 466 -> 467 (поток: pool-3-thread-4)
2025-11-23 17:14:14 - Счётчик увеличен: 467 -> 468 (поток: pool-3-thread-5)
2025-11-23 17:14:14 - Счётчик увеличен: 468 -> 469 (поток: pool-3-thread-3)
2025-11-23 17:14:14 - Счётчик увеличен: 469 -> 470 (поток: pool-3-thread-6)
2025-11-23 17:14:14 - Счётчик увеличен: 470 -> 471 (поток: pool-3-thread-1)
2025-11-23 17:14:14 - Счётчик увеличен: 471 -> 472 (поток: pool-3-thread-7)
2025-11-23 17:14:14 - Счётчик увеличен: 472 -> 473 (поток: pool-3-thread-8)
2025-11-23 17:14:14 - Счётчик увеличен: 473 -> 474 (поток: pool-3-thread-9)
2025-11-23 17:14:14 - Счётчик увеличен: 474 -> 475 (поток: pool-3-thread-2)
2025-11-23 17:14:14 - Счётчик увеличен: 475 -> 476 (поток: pool-3-thread-10)
2025-11-23 17:14:14 - Счётчик увеличен: 476 -> 477 (поток: pool-3-thread-4)
2025-11-23 17:14:14 - Счётчик увеличен: 477 -> 478 (поток: pool-3-thread-5)
2025-11-23 17:14:14 - Счётчик увеличен: 478 -> 479 (поток: pool-3-thread-3)
2025-11-23 17:14:14 - Счётчик увеличен: 479 -> 480 (поток: pool-3-thread-6)
2025-11-23 17:14:14 - Счётчик увеличен: 480 -> 481 (поток: pool-3-thread-1)
2025-11-23 17:14:14 - Счётчик увеличен: 481 -> 482 (поток: pool-3-thread-7)
2025-11-23 17:14:14 - Счётчик увеличен: 482 -> 483 (поток: pool-3-thread-8)
2025-11-23 17:14:14 - Счётчик увеличен: 483 -> 484 (поток: pool-3-thread-9)
2025-11-23 17:14:14 - Счётчик увеличен: 484 -> 485 (поток: pool-3-thread-2)
2025-11-23 17:14:14 - Счётчик увеличен: 485 -> 486 (поток: pool-3-thread-10)
2025-11-23 17:14:14 - Счётчик увеличен: 486 -> 487 (поток: pool-3-thread-4)
2025-11-23 17:14:14 - Счётчик увеличен: 487 -> 488 (поток: pool-3-thread-5)
2025-11-23 17:14:14 - Счётчик увеличен: 488 -> 489 (поток: pool-3-thread-3)
2025-11-23 17:14:14 - Счётчик увеличен: 489 -> 490 (поток: pool-3-thread-6)
2025-11-23 17:14:14 - Счётчик увеличен: 490 -> 491 (поток: pool-3-thread-1)
2025-11-23 17:14:14 - Счётчик увеличен: 491 -> 492 (поток: pool-3-thread-7)
2025-11-23 17:14:14 - Счётчик увеличен: 492 -> 493 (поток: pool-3-thread-8)
2025-11-23 17:14:14 - Счётчик увеличен: 493 -> 494 (поток: pool-3-thread-9)
2025-11-23 17:14:14 - Счётчик увеличен: 494 -> 495 (поток: pool-3-thread-2)
2025-11-23 17:14:14 - Счётчик увеличен: 495 -> 496 (поток: pool-3-thread-10)
2025-11-23 17:14:14 - Счётчик увеличен: 496 -> 497 (поток: pool-3-thread-4)
2025-11-23 17:14:14 - Счётчик увеличен: 497 -> 498 (поток: pool-3-thread-5)
2025-11-23 17:14:14 - Счётчик увеличен: 498 -> 499 (поток: pool-3-thread-3)
2025-11-23 17:14:14 - Счётчик увеличен: 499 -> 500 (поток: pool-3-thread-6)
2025-11-23 17:14:14 - Счётчик увеличен: 500 -> 501 (поток: pool-3-thread-1)
2025-11-23 17:14:14 - Счётчик увеличен: 501 -> 502 (поток: pool-3-thread-7)
2025-11-23 17:14:14 - Счётчик увеличен: 502 -> 503 (поток: pool-3-thread-8)
2025-11-23 17:14:14 - Счётчик увеличен: 503 -> 504 (поток: pool-3-thread-9)
2025-11-23 17:14:14 - Счётчик увеличен: 504 -> 505 (поток: pool-3-thread-2)
2025-11-23 17:14:14 - Счётчик увеличен: 505 -> 506 (поток: pool-3-thread-10)
2025-11-23 17:14:14 - Счётчик увеличен: 506 -> 507 (поток: pool-3-thread-4)
2025-11-23 17:14:14 - Счётчик увеличен: 507 -> 508 (поток: pool-3-thread-5)
2025-11-23 17:14:14 - Счётчик увеличен: 508 -> 509 (поток: pool-3-thread-3)
2025-11-23 17:14:14 - Счётчик увеличен: 509 -> 510 (поток: pool-3-thread-6)
2025-11-23 17:14:14 - Счётчик увеличен: 510 -> 511 (поток: pool-3-thread-1)
2025-11-23 17:14:14 - Счётчик увеличен: 511 -> 512 (поток: pool-3-thread-7)
2025-11-23 17:14:14 - Счётчик увеличен: 512 -> 513 (поток: pool-3-thread-8)
2025-11-23 17:14:14 - Счётчик увеличен: 513 -> 514 (поток: pool-3-thread-9)
2025-11-23 17:14:14 - Счётчик увеличен: 514 -> 515 (поток: pool-3-thread-2)
2025-11-23 17:14:14 - Счётчик увеличен: 515 -> 516 (поток: pool-3-thread-10)
2025-11-23 17:14:14 - Счётчик увеличен: 516 -> 517 (поток: pool-3-thread-4)
2025-11-23 17:14:14 - Счётчик увеличен: 517 -> 518 (поток: pool-3-thread-5)
2025-11-23 17:14:14 - Счётчик увеличен: 518 -> 519 (поток: pool-3-thread-3)
2025-11-23 17:14:14 - Счётчик увеличен: 519 -> 520 (поток: pool-3-thread-6)
2025-11-23 17:14:14 - Счётчик увеличен: 520 -> 521 (поток: pool-3-thread-1)
2025-11-23 17:14:14 - Счётчик увеличен: 521 -> 522 (поток: pool-3-thread-7)
2025-11-23 17:14:14 - Счётчик увеличен: 522 -> 523 (поток: pool-3-thread-8)
2025-11-23 17:14:14 - Счётчик увеличен: 523 -> 524 (поток: pool-3-thread-9)
2025-11-23 17:14:14 - Счётчик увеличен: 524 -> 525 (поток: pool-3-thread-2)
2025-11-23 17:14:14 - Счётчик увеличен: 525 -> 526 (поток: pool-3-thread-10)
2025-11-23 17:14:14 - Счётчик увеличен: 526 -> 527 (поток: pool-3-thread-4)
2025-11-23 17:14:14 - Счётчик увеличен: 527 -> 528 (поток: pool-3-thread-5)
2025-11-23 17:14:14 - Счётчик увеличен: 528 -> 529 (поток: pool-3-thread-3)
2025-11-23 17:14:14 - Счётчик увеличен: 529 -> 530 (поток: pool-3-thread-6)
2025-11-23 17:14:14 - Счётчик увеличен: 530 -> 531 (поток: pool-3-thread-1)
2025-11-23 17:14:14 - Счётчик увеличен: 531 -> 532 (поток: pool-3-thread-7)
2025-11-23 17:14:14 - Счётчик увеличен: 532 -> 533 (поток: pool-3-thread-8)
2025-11-23 17:14:14 - Счётчик увеличен: 533 -> 534 (поток: pool-3-thread-9)
2025-11-23 17:14:14 - Счётчик увеличен: 534 -> 535 (поток: pool-3-thread-2)
2025-11-23 17:14:14 - Счётчик увеличен: 535 -> 536 (поток: pool-3-thread-10)
2025-11-23 17:14:14 - Счётчик увеличен: 536 -> 537 (поток: pool-3-thread-4)
2025-11-23 17:14:14 - Счётчик увеличен: 537 -> 538 (поток: pool-3-thread-5)
2025-11-23 17:14:14 - Счётчик увеличен: 538 -> 539 (поток: pool-3-thread-3)
2025-11-23 17:14:14 - Счётчик увеличен: 539 -> 540 (поток: pool-3-thread-6)
2025-11-23 17:14:14 - Счётчик увеличен: 540 -> 541 (поток: pool-3-thread-1)
2025-11-23 17:14:14 - Счётчик увеличен: 541 -> 542 (поток: pool-3-thread-7)
2025-11-23 17:14:14 - Счётчик увеличен: 542 -> 543 (поток: pool-3-thread-8)
2025-11-23 17:14:14 - Счётчик увеличен: 543 -> 544 (поток: pool-3-thread-9)
2025-11-23 17:14:14 - Счётчик увеличен: 544 -> 545 (поток: pool-3-thread-2)
2025-11-23 17:14:14 - Счётчик увеличен: 545 -> 546 (поток: pool-3-thread-10)
2025-11-23 17:14:14 - Счётчик увеличен: 546 -> 547 (поток: pool-3-thread-4)
2025-11-23 17:14:14 - Счётчик увеличен: 547 -> 548 (поток: pool-3-thread-5)
2025-11-23 17:14:14 - Счётчик увеличен: 548 -> 549 (поток: pool-3-thread-3)
2025-11-23 17:14:14 - Счётчик увеличен: 549 -> 550 (поток: pool-3-thread-6)
2025-11-23 17:14:14 - Счётчик увеличен: 550 -> 551 (поток: pool-3-thread-1)
2025-11-23 17:14:14 - Счётчик увеличен: 551 -> 552 (поток: pool-3-thread-7)
2025-11-23 17:14:14 - Счётчик увеличен: 552 -> 553 (поток: pool-3-thread-8)
2025-11-23 17:14:14 - Счётчик увеличен: 553 -> 554 (поток: pool-3-thread-9)
2025-11-23 17:14:14 - Счётчик увеличен: 554 -> 555 (поток: pool-3-thread-2)
2025-11-23 17:14:14 - Счётчик увеличен: 555 -> 556 (поток: pool-3-thread-10)
2025-11-23 17:14:14 - Счётчик увеличен: 556 -> 557 (поток: pool-3-thread-4)
2025-11-23 17:14:14 - Счётчик увеличен: 557 -> 558 (поток: pool-3-thread-5)
2025-11-23 17:14:14 - Счётчик увеличен: 558 -> 559 (поток: pool-3-thread-3)
2025-11-23 17:14:14 - Счётчик увеличен: 559 -> 560 (поток: pool-3-thread-6)
2025-11-23 17:14:14 - Счётчик увеличен: 560 -> 561 (поток: pool-3-thread-1)
2025-11-23 17:14:14 - Счётчик увеличен: 561 -> 562 (поток: pool-3-thread-7)
2025-11-23 17:14:14 - Счётчик увеличен: 562 -> 563 (поток: pool-3-thread-8)
2025-11-23 17:14:14 - Счётчик увеличен: 563 -> 564 (поток: pool-3-thread-9)
2025-11-23 17:14:14 - Счётчик увеличен: 564 -> 565 (поток: pool-3-thread-2)
2025-11-23 17:14:14 - Счётчик увеличен: 565 -> 566 (поток: pool-3-thread-10)
2025-11-23 17:14:14 - Счётчик увеличен: 566 -> 567 (поток: pool-3-thread-4)
2025-11-23 17:14:14 - Счётчик увеличен: 567 -> 568 (поток: pool-3-thread-5)
2025-11-23 17:14:14 - Счётчик увеличен: 568 -> 569 (поток: pool-3-thread-3)
2025-11-23 17:14:14 - Счётчик увеличен: 569 -> 570 (поток: pool-3-thread-6)
2025-11-23 17:14:14 - Счётчик увеличен: 570 -> 571 (поток: pool-3-thread-1)
2025-11-23 17:14:14 - Счётчик увеличен: 571 -> 572 (поток: pool-3-thread-7)
2025-11-23 17:14:14 - Счётчик увеличен: 572 -> 573 (поток: pool-3-thread-8)
2025-11-23 17:14:14 - Счётчик увеличен: 573 -> 574 (поток: pool-3-thread-9)
2025-11-23 17:14:14 - Счётчик увеличен: 574 -> 575 (поток: pool-3-thread-2)
2025-11-23 17:14:14 - Счётчик увеличен: 575 -> 576 (поток: pool-3-thread-10)
2025-11-23 17:14:14 - Счётчик увеличен: 576 -> 577 (поток: pool-3-thread-4)
2025-11-23 17:14:14 - Счётчик увеличен: 577 -> 578 (поток: pool-3-thread-5)
2025-11-23 17:14:14 - Счётчик увеличен: 578 -> 579 (поток: pool-3-thread-3)
2025-11-23 17:14:14 - Счётчик увеличен: 579 -> 580 (поток: pool-3-thread-6)
2025-11-23 17:14:14 - Счётчик увеличен: 580 -> 581 (поток: pool-3-thread-1)
2025-11-23 17:14:14 - Счётчик увеличен: 581 -> 582 (поток: pool-3-thread-7)
2025-11-23 17:14:14 - Счётчик увеличен: 582 -> 583 (поток: pool-3-thread-8)
2025-11-23 17:14:14 - Счётчик увеличен: 583 -> 584 (поток: pool-3-thread-9)
2025-11-23 17:14:14 - Счётчик увеличен: 584 -> 585 (поток: pool-3-thread-2)
2025-11-23 17:14:14 - Счётчик увеличен: 585 -> 586 (поток: pool-3-thread-10)
2025-11-23 17:14:14 - Счётчик увеличен: 586 -> 587 (поток: pool-3-thread-4)
2025-11-23 17:14:14 - Счётчик увеличен: 587 -> 588 (поток: pool-3-thread-5)
2025-11-23 17:14:14 - Счётчик увеличен: 588 -> 589 (поток: pool-3-thread-3)
2025-11-23 17:14:14 - Счётчик увеличен: 589 -> 590 (поток: pool-3-thread-6)
2025-11-23 17:14:14 - Счётчик увеличен: 590 -> 591 (поток: pool-3-thread-1)
2025-11-23 17:14:14 - Счётчик увеличен: 591 -> 592 (поток: pool-3-thread-7)
2025-11-23 17:14:14 - Счётчик увеличен: 592 -> 593 (поток: pool-3-thread-8)
2025-11-23 17:14:14 - Счётчик увеличен: 593 -> 594 (поток: pool-3-thread-9)
2025-11-23 17:14:14 - Счётчик увеличен: 594 -> 595 (поток: pool-3-thread-2)
2025-11-23 17:14:14 - Счётчик увеличен: 595 -> 596 (поток: pool-3-thread-10)
2025-11-23 17:14:14 - Счётчик увеличен: 596 -> 597 (поток: pool-3-thread-4)
2025-11-23 17:14:14 - Счётчик увеличен: 597 -> 598 (поток: pool-3-thread-5)
2025-11-23 17:14:14 - Счётчик увеличен: 598 -> 599 (поток: pool-3-thread-3)
2025-11-23 17:14:14 - Счётчик увеличен: 599 -> 600 (поток: pool-3-thread-6)
2025-11-23 17:14:14 - Счётчик увеличен: 600 -> 601 (поток: pool-3-thread-1)
2025-11-23 17:14:14 - Счётчик увеличен: 601 -> 602 (поток: pool-3-thread-7)
2025-11-23 17:14:14 - Счётчик увеличен: 602 -> 603 (поток: pool-3-thread-8)
2025-11-23 17:14:14 - Счётчик увеличен: 603 -> 604 (поток: pool-3-thread-9)
2025-11-23 17:14:14 - Счётчик увеличен: 604 -> 605 (поток: pool-3-thread-2)
2025-11-23 17:14:14 - Счётчик увеличен: 605 -> 606 (поток: pool-3-thread-10)
2025-11-23 17:14:14 - Счётчик увеличен: 606 -> 607 (поток: pool-3-thread-4)
2025-11-23 17:14:14 - Счётчик увеличен: 607 -> 608 (поток: pool-3-thread-5)
2025-11-23 17:14:14 - Счётчик увеличен: 608 -> 609 (поток: pool-3-thread-3)
2025-11-23 17:14:14 - Счётчик увеличен: 609 -> 610 (поток: pool-3-thread-6)
2025-11-23 17:14:14 - Счётчик увеличен: 610 -> 611 (поток: pool-3-thread-1)
2025-11-23 17:14:14 - Счётчик увеличен: 611 -> 612 (поток: pool-3-thread-7)
2025-11-23 17:14:14 - Счётчик увеличен: 612 -> 613 (поток: pool-3-thread-8)
2025-11-23 17:14:14 - Счётчик увеличен: 613 -> 614 (поток: pool-3-thread-9)
2025-11-23 17:14:14 - Счётчик увеличен: 614 -> 615 (поток: pool-3-thread-2)
2025-11-23 17:14:14 - Счётчик увеличен: 615 -> 616 (поток: pool-3-thread-10)
2025-11-23 17:14:14 - Счётчик увеличен: 616 -> 617 (поток: pool-3-thread-4)
2025-11-23 17:14:14 - Счётчик увеличен: 617 -> 618 (поток: pool-3-thread-5)
2025-11-23 17:14:14 - Счётчик увеличен: 618 -> 619 (поток: pool-3-thread-3)
2025-11-23 17:14:14 - Счётчик увеличен: 619 -> 620 (поток: pool-3-thread-6)
2025-11-23 17:14:14 - Счётчик увеличен: 620 -> 621 (поток: pool-3-thread-1)
2025-11-23 17:14:14 - Счётчик увеличен: 621 -> 622 (поток: pool-3-thread-7)
2025-11-23 17:14:14 - Счётчик увеличен: 622 -> 623 (поток: pool-3-thread-8)
2025-11-23 17:14:14 - Счётчик увеличен: 623 -> 624 (поток: pool-3-thread-9)
2025-11-23 17:14:14 - Счётчик увеличен: 624 -> 625 (поток: pool-3-thread-2)
2025-11-23 17:14:14 - Счётчик увеличен: 625 -> 626 (поток: pool-3-thread-10)
2025-11-23 17:14:14 - Счётчик увеличен: 626 -> 627 (поток: pool-3-thread-4)
2025-11-23 17:14:14 - Счётчик увеличен: 627 -> 628 (поток: pool-3-thread-5)
2025-11-23 17:14:14 - Счётчик увеличен: 628 -> 629 (поток: pool-3-thread-3)
2025-11-23 17:14:14 - Счётчик увеличен: 629 -> 630 (поток: pool-3-thread-6)
2025-11-23 17:14:14 - Счётчик увеличен: 630 -> 631 (поток: pool-3-thread-1)
2025-11-23 17:14:14 - Счётчик увеличен: 631 -> 632 (поток: pool-3-thread-7)
2025-11-23 17:14:14 - Счётчик увеличен: 632 -> 633 (поток: pool-3-thread-8)
2025-11-23 17:14:14 - Счётчик увеличен: 633 -> 634 (поток: pool-3-thread-9)
2025-11-23 17:14:14 - Счётчик увеличен: 634 -> 635 (поток: pool-3-thread-2)
2025-11-23 17:14:14 - Счётчик увеличен: 635 -> 636 (поток: pool-3-thread-10)
2025-11-23 17:14:14 - Счётчик увеличен: 636 -> 637 (поток: pool-3-thread-4)
2025-11-23 17:14:14 - Счётчик увеличен: 637 -> 638 (поток: pool-3-thread-5)
2025-11-23 17:14:14 - Счётчик увеличен: 638 -> 639 (поток: pool-3-thread-3)
2025-11-23 17:14:14 - Счётчик увеличен: 639 -> 640 (поток: pool-3-thread-6)
2025-11-23 17:14:14 - Счётчик увеличен: 640 -> 641 (поток: pool-3-thread-1)
2025-11-23 17:14:14 - Счётчик увеличен: 641 -> 642 (поток: pool-3-thread-7)
2025-11-23 17:14:14 - Счётчик увеличен: 642 -> 643 (поток: pool-3-thread-8)
2025-11-23 17:14:14 - Счётчик увеличен: 643 -> 644 (поток: pool-3-thread-9)
2025-11-23 17:14:14 - Счётчик увеличен: 644 -> 645 (поток: pool-3-thread-2)
2025-11-23 17:14:14 - Счётчик увеличен: 645 -> 646 (поток: pool-3-thread-10)
2025-11-23 17:14:14 - Счётчик увеличен: 646 -> 647 (поток: pool-3-thread-4)
2025-11-23 17:14:14 - Счётчик увеличен: 647 -> 648 (поток: pool-3-thread-5)
2025-11-23 17:14:14 - Счётчик увеличен: 648 -> 649 (поток: pool-3-thread-3)
2025-11-23 17:14:14 - Счётчик увеличен: 649 -> 650 (поток: pool-3-thread-6)
2025-11-23 17:14:14 - Счётчик увеличен: 650 -> 651 (поток: pool-3-thread-1)
2025-11-23 17:14:14 - Счётчик увеличен: 651 -> 652 (поток: pool-3-thread-7)
2025-11-23 17:14:14 - Счётчик увеличен: 652 -> 653 (поток: pool-3-thread-8)
2025-11-23 17:14:14 - Счётчик увеличен: 653 -> 654 (поток: pool-3-thread-9)
2025-11-23 17:14:14 - Счётчик увеличен: 654 -> 655 (поток: pool-3-thread-2)
2025-11-23 17:14:14 - Счётчик увеличен: 655 -> 656 (поток: pool-3-thread-10)
2025-11-23 17:14:14 - Счётчик увеличен: 656 -> 657 (поток: pool-3-thread-4)
2025-11-23 17:14:14 - Счётчик увеличен: 657 -> 658 (поток: pool-3-thread-5)
2025-11-23 17:14:14 - Счётчик увеличен: 658 -> 659 (поток: pool-3-thread-3)
2025-11-23 17:14:14 - Счётчик увеличен: 659 -> 660 (поток: pool-3-thread-6)
2025-11-23 17:14:14 - Счётчик увеличен: 660 -> 661 (поток: pool-3-thread-1)
2025-11-23 17:14:14 - Счётчик увеличен: 661 -> 662 (поток: pool-3-thread-7)
2025-11-23 17:14:14 - Счётчик увеличен: 662 -> 663 (поток: pool-3-thread-8)
2025-11-23 17:14:14 - Счётчик увеличен: 663 -> 664 (поток: pool-3-thread-9)
2025-11-23 17:14:14 - Счётчик увеличен: 664 -> 665 (поток: pool-3-thread-2)
2025-11-23 17:14:14 - Счётчик увеличен: 665 -> 666 (поток: pool-3-thread-10)
2025-11-23 17:14:14 - Счётчик увеличен: 666 -> 667 (поток: pool-3-thread-4)
2025-11-23 17:14:14 - Счётчик увеличен: 667 -> 668 (поток: pool-3-thread-5)
2025-11-23 17:14:14 - Счётчик увеличен: 668 -> 669 (поток: pool-3-thread-3)
2025-11-23 17:14:14 - Счётчик увеличен: 669 -> 670 (поток: pool-3-thread-6)
2025-11-23 17:14:14 - Счётчик увеличен: 670 -> 671 (поток: pool-3-thread-1)
2025-11-23 17:14:14 - Счётчик увеличен: 671 -> 672 (поток: pool-3-thread-7)
2025-11-23 17:14:14 - Счётчик увеличен: 672 -> 673 (поток: pool-3-thread-8)
2025-11-23 17:14:14 - Счётчик увеличен: 673 -> 674 (поток: pool-3-thread-9)
2025-11-23 17:14:14 - Счётчик увеличен: 674 -> 675 (поток: pool-3-thread-2)
2025-11-23 17:14:14 - Счётчик увеличен: 675 -> 676 (поток: pool-3-thread-10)
2025-11-23 17:14:14 - Счётчик увеличен: 676 -> 677 (поток: pool-3-thread-4)
2025-11-23 17:14:14 - Счётчик увеличен: 677 -> 678 (поток: pool-3-thread-5)
2025-11-23 17:14:14 - Счётчик увеличен: 678 -> 679 (поток: pool-3-thread-3)
2025-11-23 17:14:14 - Счётчик увеличен: 679 -> 680 (поток: pool-3-thread-6)
2025-11-23 17:14:14 - Счётчик увеличен: 680 -> 681 (поток: pool-3-thread-1)
2025-11-23 17:14:14 - Счётчик увеличен: 681 -> 682 (поток: pool-3-thread-7)
2025-11-23 17:14:14 - Счётчик увеличен: 682 -> 683 (поток: pool-3-thread-8)
2025-11-23 17:14:14 - Счётчик увеличен: 683 -> 684 (поток: pool-3-thread-9)
2025-11-23 17:14:14 - Счётчик увеличен: 684 -> 685 (поток: pool-3-thread-2)
2025-11-23 17:14:14 - Счётчик увеличен: 685 -> 686 (поток: pool-3-thread-10)
2025-11-23 17:14:14 - Счётчик увеличен: 686 -> 687 (поток: pool-3-thread-4)
2025-11-23 17:14:14 - Счётчик увеличен: 687 -> 688 (поток: pool-3-thread-5)
2025-11-23 17:14:14 - Счётчик увеличен: 688 -> 689 (поток: pool-3-thread-3)
2025-11-23 17:14:14 - Счётчик увеличен: 689 -> 690 (поток: pool-3-thread-6)
2025-11-23 17:14:14 - Счётчик увеличен: 690 -> 691 (поток: pool-3-thread-1)
2025-11-23 17:14:14 - Счётчик увеличен: 691 -> 692 (поток: pool-3-thread-7)
2025-11-23 17:14:14 - Счётчик увеличен: 692 -> 693 (поток: pool-3-thread-8)
2025-11-23 17:14:14 - Счётчик увеличен: 693 -> 694 (поток: pool-3-thread-9)
2025-11-23 17:14:14 - Счётчик увеличен: 694 -> 695 (поток: pool-3-thread-2)
2025-11-23 17:14:14 - Счётчик увеличен: 695 -> 696 (поток: pool-3-thread-10)
2025-11-23 17:14:14 - Счётчик увеличен: 696 -> 697 (поток: pool-3-thread-4)
2025-11-23 17:14:14 - Счётчик увеличен: 697 -> 698 (поток: pool-3-thread-5)
2025-11-23 17:14:14 - Счётчик увеличен: 698 -> 699 (поток: pool-3-thread-3)
2025-11-23 17:14:14 - Счётчик увеличен: 699 -> 700 (поток: pool-3-thread-6)
2025-11-23 17:14:14 - Счётчик увеличен: 700 -> 701 (поток: pool-3-thread-1)
2025-11-23 17:14:14 - Счётчик увеличен: 701 -> 702 (поток: pool-3-thread-7)
2025-11-23 17:14:14 - Счётчик увеличен: 702 -> 703 (поток: pool-3-thread-8)
2025-11-23 17:14:14 - Счётчик увеличен: 703 -> 704 (поток: pool-3-thread-9)
2025-11-23 17:14:14 - Счётчик увеличен: 704 -> 705 (поток: pool-3-thread-2)
2025-11-23 17:14:14 - Счётчик увеличен: 705 -> 706 (поток: pool-3-thread-10)
2025-11-23 17:14:14 - Счётчик увеличен: 706 -> 707 (поток: pool-3-thread-4)
2025-11-23 17:14:14 - Счётчик увеличен: 707 -> 708 (поток: pool-3-thread-5)
2025-11-23 17:14:14 - Счётчик увеличен: 708 -> 709 (поток: pool-3-thread-3)
2025-11-23 17:14:14 - Счётчик увеличен: 709 -> 710 (поток: pool-3-thread-6)
2025-11-23 17:14:14 - Счётчик увеличен: 710 -> 711 (поток: pool-3-thread-1)
2025-11-23 17:14:14 - Счётчик увеличен: 711 -> 712 (поток: pool-3-thread-7)
2025-11-23 17:14:14 - Счётчик увеличен: 712 -> 713 (поток: pool-3-thread-8)
2025-11-23 17:14:14 - Счётчик увеличен: 713 -> 714 (поток: pool-3-thread-9)
2025-11-23 17:14:14 - Счётчик увеличен: 714 -> 715 (поток: pool-3-thread-2)
2025-11-23 17:14:14 - Счётчик увеличен: 715 -> 716 (поток: pool-3-thread-10)
2025-11-23 17:14:14 - Счётчик увеличен: 716 -> 717 (поток: pool-3-thread-4)
2025-11-23 17:14:14 - Счётчик увеличен: 717 -> 718 (поток: pool-3-thread-5)
2025-11-23 17:14:14 - Счётчик увеличен: 718 -> 719 (поток: pool-3-thread-3)
2025-11-23 17:14:14 - Счётчик увеличен: 719 -> 720 (поток: pool-3-thread-6)
2025-11-23 17:14:14 - Счётчик увеличен: 720 -> 721 (поток: pool-3-thread-1)
2025-11-23 17:14:14 - Счётчик увеличен: 721 -> 722 (поток: pool-3-thread-7)
2025-11-23 17:14:14 - Счётчик увеличен: 722 -> 723 (поток: pool-3-thread-8)
2025-11-23 17:14:14 - Счётчик увеличен: 723 -> 724 (поток: pool-3-thread-9)
2025-11-23 17:14:14 - Счётчик увеличен: 724 -> 725 (поток: pool-3-thread-2)
2025-11-23 17:14:14 - Счётчик увеличен: 725 -> 726 (поток: pool-3-thread-10)
2025-11-23 17:14:14 - Счётчик увеличен: 726 -> 727 (поток: pool-3-thread-4)
2025-11-23 17:14:14 - Счётчик увеличен: 727 -> 728 (поток: pool-3-thread-5)
2025-11-23 17:14:14 - Счётчик увеличен: 728 -> 729 (поток: pool-3-thread-3)
2025-11-23 17:14:14 - Счётчик увеличен: 729 -> 730 (поток: pool-3-thread-6)
2025-11-23 17:14:14 - Счётчик увеличен: 730 -> 731 (поток: pool-3-thread-1)
2025-11-23 17:14:14 - Счётчик увеличен: 731 -> 732 (поток: pool-3-thread-7)
2025-11-23 17:14:14 - Счётчик увеличен: 732 -> 733 (поток: pool-3-thread-8)
2025-11-23 17:14:14 - Счётчик увеличен: 733 -> 734 (поток: pool-3-thread-9)
2025-11-23 17:14:14 - Счётчик увеличен: 734 -> 735 (поток: pool-3-thread-2)
2025-11-23 17:14:14 - Счётчик увеличен: 735 -> 736 (поток: pool-3-thread-10)
2025-11-23 17:14:14 - Счётчик увеличен: 736 -> 737 (поток: pool-3-thread-4)
2025-11-23 17:14:14 - Счётчик увеличен: 737 -> 738 (поток: pool-3-thread-5)
2025-11-23 17:14:14 - Счётчик увеличен: 738 -> 739 (поток: pool-3-thread-3)
2025-11-23 17:14:14 - Счётчик увеличен: 739 -> 740 (поток: pool-3-thread-6)
2025-11-23 17:14:14 - Счётчик увеличен: 740 -> 741 (поток: pool-3-thread-1)
2025-11-23 17:14:14 - Счётчик увеличен: 741 -> 742 (поток: pool-3-thread-7)
2025-11-23 17:14:14 - Счётчик увеличен: 742 -> 743 (поток: pool-3-thread-8)
2025-11-23 17:14:14 - Счётчик увеличен: 743 -> 744 (поток: pool-3-thread-9)
2025-11-23 17:14:14 - Счётчик увеличен: 744 -> 745 (поток: pool-3-thread-2)
2025-11-23 17:14:14 - Счётчик увеличен: 745 -> 746 (поток: pool-3-thread-10)
2025-11-23 17:14:14 - Счётчик увеличен: 746 -> 747 (поток: pool-3-thread-4)
2025-11-23 17:14:14 - Счётчик увеличен: 747 -> 748 (поток: pool-3-thread-5)
2025-11-23 17:14:14 - Счётчик увеличен: 748 -> 749 (поток: pool-3-thread-3)
2025-11-23 17:14:14 - Счётчик увеличен: 749 -> 750 (поток: pool-3-thread-6)
2025-11-23 17:14:14 - Счётчик увеличен: 750 -> 751 (поток: pool-3-thread-1)
2025-11-23 17:14:14 - Счётчик увеличен: 751 -> 752 (поток: pool-3-thread-7)
2025-11-23 17:14:14 - Счётчик увеличен: 752 -> 753 (поток: pool-3-thread-8)
2025-11-23 17:14:14 - Счётчик увеличен: 753 -> 754 (поток: pool-3-thread-9)
2025-11-23 17:14:14 - Счётчик увеличен: 754 -> 755 (поток: pool-3-thread-2)
2025-11-23 17:14:14 - Счётчик увеличен: 755 -> 756 (поток: pool-3-thread-10)
2025-11-23 17:14:14 - Счётчик увеличен: 756 -> 757 (поток: pool-3-thread-4)
2025-11-23 17:14:14 - Счётчик увеличен: 757 -> 758 (поток: pool-3-thread-5)
2025-11-23 17:14:14 - Счётчик увеличен: 758 -> 759 (поток: pool-3-thread-3)
2025-11-23 17:14:14 - Счётчик увеличен: 759 -> 760 (поток: pool-3-thread-6)
2025-11-23 17:14:14 - Счётчик увеличен: 760 -> 761 (поток: pool-3-thread-1)
2025-11-23 17:14:14 - Счётчик увеличен: 761 -> 762 (поток: pool-3-thread-7)
2025-11-23 17:14:14 - Счётчик увеличен: 762 -> 763 (поток: pool-3-thread-8)
2025-11-23 17:14:14 - Счётчик увеличен: 763 -> 764 (поток: pool-3-thread-9)
2025-11-23 17:14:14 - Счётчик увеличен: 764 -> 765 (поток: pool-3-thread-2)
2025-11-23 17:14:14 - Счётчик увеличен: 765 -> 766 (поток: pool-3-thread-10)
2025-11-23 17:14:14 - Счётчик увеличен: 766 -> 767 (поток: pool-3-thread-4)
2025-11-23 17:14:14 - Счётчик увеличен: 767 -> 768 (поток: pool-3-thread-5)
2025-11-23 17:14:14 - Счётчик увеличен: 768 -> 769 (поток: pool-3-thread-3)
2025-11-23 17:14:14 - Счётчик увеличен: 769 -> 770 (поток: pool-3-thread-6)
2025-11-23 17:14:14 - Счётчик увеличен: 770 -> 771 (поток: pool-3-thread-1)
2025-11-23 17:14:14 - Счётчик увеличен: 771 -> 772 (поток: pool-3-thread-7)
2025-11-23 17:14:14 - Счётчик увеличен: 772 -> 773 (поток: pool-3-thread-8)
2025-11-23 17:14:14 - Счётчик увеличен: 773 -> 774 (поток: pool-3-thread-9)
2025-11-23 17:14:14 - Счётчик увеличен: 774 -> 775 (поток: pool-3-thread-2)
2025-11-23 17:14:14 - Счётчик увеличен: 775 -> 776 (поток: pool-3-thread-10)
2025-11-23 17:14:14 - Счётчик увеличен: 776 -> 777 (поток: pool-3-thread-4)
2025-11-23 17:14:14 - Счётчик увеличен: 777 -> 778 (поток: pool-3-thread-5)
2025-11-23 17:14:14 - Счётчик увеличен: 778 -> 779 (поток: pool-3-thread-3)
2025-11-23 17:14:14 - Счётчик увеличен: 779 -> 780 (поток: pool-3-thread-6)
2025-11-23 17:14:14 - Счётчик увеличен: 780 -> 781 (поток: pool-3-thread-1)
2025-11-23 17:14:14 - Счётчик увеличен: 781 -> 782 (поток: pool-3-thread-7)
2025-11-23 17:14:14 - Счётчик увеличен: 782 -> 783 (поток: pool-3-thread-8)
2025-11-23 17:14:14 - Счётчик увеличен: 783 -> 784 (поток: pool-3-thread-9)
2025-11-23 17:14:14 - Счётчик увеличен: 784 -> 785 (поток: pool-3-thread-2)
2025-11-23 17:14:14 - Счётчик увеличен: 785 -> 786 (поток: pool-3-thread-10)
2025-11-23 17:14:14 - Счётчик увеличен: 786 -> 787 (поток: pool-3-thread-4)
2025-11-23 17:14:14 - Счётчик увеличен: 787 -> 788 (поток: pool-3-thread-5)
2025-11-23 17:14:14 - Счётчик увеличен: 788 -> 789 (поток: pool-3-thread-3)
2025-11-23 17:14:14 - Счётчик увеличен: 789 -> 790 (поток: pool-3-thread-6)
2025-11-23 17:14:14 - Счётчик увеличен: 790 -> 791 (поток: pool-3-thread-1)
2025-11-23 17:14:14 - Счётчик увеличен: 791 -> 792 (поток: pool-3-thread-7)
2025-11-23 17:14:14 - Счётчик увеличен: 792 -> 793 (поток: pool-3-thread-8)
2025-11-23 17:14:14 - Счётчик увеличен: 793 -> 794 (поток: pool-3-thread-9)
2025-11-23 17:14:14 - Счётчик увеличен: 794 -> 795 (поток: pool-3-thread-2)
2025-11-23 17:14:14 - Счётчик увеличен: 795 -> 796 (поток: pool-3-thread-10)
2025-11-23 17:14:14 - Счётчик увеличен: 796 -> 797 (поток: pool-3-thread-4)
2025-11-23 17:14:14 - Счётчик увеличен: 797 -> 798 (поток: pool-3-thread-5)
2025-11-23 17:14:14 - Счётчик увеличен: 798 -> 799 (поток: pool-3-thread-3)
2025-11-23 17:14:14 - Счётчик увеличен: 799 -> 800 (поток: pool-3-thread-6)
2025-11-23 17:14:14 - Счётчик увеличен: 800 -> 801 (поток: pool-3-thread-1)
2025-11-23 17:14:14 - Счётчик увеличен: 801 -> 802 (поток: pool-3-thread-7)
2025-11-23 17:14:14 - Счётчик увеличен: 802 -> 803 (поток: pool-3-thread-8)
2025-11-23 17:14:14 - Счётчик увеличен: 803 -> 804 (поток: pool-3-thread-9)
2025-11-23 17:14:14 - Счётчик увеличен: 804 -> 805 (поток: pool-3-thread-2)
2025-11-23 17:14:14 - Счётчик увеличен: 805 -> 806 (поток: pool-3-thread-10)
2025-11-23 17:14:14 - Счётчик увеличен: 806 -> 807 (поток: pool-3-thread-4)
2025-11-23 17:14:14 - Счётчик увеличен: 807 -> 808 (поток: pool-3-thread-5)
2025-11-23 17:14:14 - Счётчик увеличен: 808 -> 809 (поток: pool-3-thread-3)
2025-11-23 17:14:14 - Счётчик увеличен: 809 -> 810 (поток: pool-3-thread-6)
2025-11-23 17:14:14 - Счётчик увеличен: 810 -> 811 (поток: pool-3-thread-1)
2025-11-23 17:14:14 - Счётчик увеличен: 811 -> 812 (поток: pool-3-thread-7)
2025-11-23 17:14:14 - Счётчик увеличен: 812 -> 813 (поток: pool-3-thread-8)
2025-11-23 17:14:14 - Счётчик увеличен: 813 -> 814 (поток: pool-3-thread-9)
2025-11-23 17:14:14 - Счётчик увеличен: 814 -> 815 (поток: pool-3-thread-2)
2025-11-23 17:14:14 - Счётчик увеличен: 815 -> 816 (поток: pool-3-thread-10)
2025-11-23 17:14:14 - Счётчик увеличен: 816 -> 817 (поток: pool-3-thread-4)
2025-11-23 17:14:14 - Счётчик увеличен: 817 -> 818 (поток: pool-3-thread-5)
2025-11-23 17:14:14 - Счётчик увеличен: 818 -> 819 (поток: pool-3-thread-3)
2025-11-23 17:14:14 - Счётчик увеличен: 819 -> 820 (поток: pool-3-thread-6)
2025-11-23 17:14:14 - Счётчик увеличен: 820 -> 821 (поток: pool-3-thread-1)
2025-11-23 17:14:14 - Счётчик увеличен: 821 -> 822 (поток: pool-3-thread-7)
2025-11-23 17:14:14 - Счётчик увеличен: 822 -> 823 (поток: pool-3-thread-8)
2025-11-23 17:14:14 - Счётчик увеличен: 823 -> 824 (поток: pool-3-thread-9)
2025-11-23 17:14:14 - Счётчик увеличен: 824 -> 825 (поток: pool-3-thread-2)
2025-11-23 17:14:14 - Счётчик увеличен: 825 -> 826 (поток: pool-3-thread-10)
2025-11-23 17:14:14 - Счётчик увеличен: 826 -> 827 (поток: pool-3-thread-4)
2025-11-23 17:14:14 - Счётчик увеличен: 827 -> 828 (поток: pool-3-thread-5)
2025-11-23 17:14:14 - Счётчик увеличен: 828 -> 829 (поток: pool-3-thread-3)
2025-11-23 17:14:14 - Счётчик увеличен: 829 -> 830 (поток: pool-3-thread-6)
2025-11-23 17:14:14 - Счётчик увеличен: 830 -> 831 (поток: pool-3-thread-1)
2025-11-23 17:14:14 - Счётчик увеличен: 831 -> 832 (поток: pool-3-thread-7)
2025-11-23 17:14:14 - Счётчик увеличен: 832 -> 833 (поток: pool-3-thread-8)
2025-11-23 17:14:14 - Счётчик увеличен: 833 -> 834 (поток: pool-3-thread-9)
2025-11-23 17:14:14 - Счётчик увеличен: 834 -> 835 (поток: pool-3-thread-2)
2025-11-23 17:14:14 - Счётчик увеличен: 835 -> 836 (поток: pool-3-thread-10)
2025-11-23 17:14:14 - Счётчик увеличен: 836 -> 837 (поток: pool-3-thread-4)
2025-11-23 17:14:14 - Счётчик увеличен: 837 -> 838 (поток: pool-3-thread-5)
2025-11-23 17:14:14 - Счётчик увеличен: 838 -> 839 (поток: pool-3-thread-3)
2025-11-23 17:14:14 - Счётчик увеличен: 839 -> 840 (поток: pool-3-thread-6)
2025-11-23 17:14:14 - Счётчик увеличен: 840 -> 841 (поток: pool-3-thread-1)
2025-11-23 17:14:14 - Счётчик увеличен: 841 -> 842 (поток: pool-3-thread-7)
2025-11-23 17:14:14 - Счётчик увеличен: 842 -> 843 (поток: pool-3-thread-8)
2025-11-23 17:14:14 - Счётчик увеличен: 843 -> 844 (поток: pool-3-thread-9)
2025-11-23 17:14:14 - Счётчик увеличен: 844 -> 845 (поток: pool-3-thread-2)
2025-11-23 17:14:14 - Счётчик увеличен: 845 -> 846 (поток: pool-3-thread-10)
2025-11-23 17:14:14 - Счётчик увеличен: 846 -> 847 (поток: pool-3-thread-4)
2025-11-23 17:14:14 - Счётчик увеличен: 847 -> 848 (поток: pool-3-thread-5)
2025-11-23 17:14:14 - Счётчик увеличен: 848 -> 849 (поток: pool-3-thread-3)
2025-11-23 17:14:14 - Счётчик увеличен: 849 -> 850 (поток: pool-3-thread-6)
2025-11-23 17:14:14 - Счётчик увеличен: 850 -> 851 (поток: pool-3-thread-1)
2025-11-23 17:14:14 - Счётчик увеличен: 851 -> 852 (поток: pool-3-thread-7)
2025-11-23 17:14:14 - Счётчик увеличен: 852 -> 853 (поток: pool-3-thread-8)
2025-11-23 17:14:14 - Счётчик увеличен: 853 -> 854 (поток: pool-3-thread-9)
2025-11-23 17:14:14 - Счётчик увеличен: 854 -> 855 (поток: pool-3-thread-2)
2025-11-23 17:14:14 - Счётчик увеличен: 855 -> 856 (поток: pool-3-thread-10)
2025-11-23 17:14:14 - Счётчик увеличен: 856 -> 857 (поток: pool-3-thread-4)
2025-11-23 17:14:14 - Счётчик увеличен: 857 -> 858 (поток: pool-3-thread-5)
2025-11-23 17:14:14 - Счётчик увеличен: 858 -> 859 (поток: pool-3-thread-3)
2025-11-23 17:14:14 - Счётчик увеличен: 859 -> 860 (поток: pool-3-thread-6)
2025-11-23 17:14:14 - Счётчик увеличен: 860 -> 861 (поток: pool-3-thread-1)
2025-11-23 17:14:14 - Счётчик увеличен: 861 -> 862 (поток: pool-3-thread-7)
2025-11-23 17:14:14 - Счётчик увеличен: 862 -> 863 (поток: pool-3-thread-8)
2025-11-23 17:14:14 - Счётчик увеличен: 863 -> 864 (поток: pool-3-thread-9)
2025-11-23 17:14:14 - Счётчик увеличен: 864 -> 865 (поток: pool-3-thread-2)
2025-11-23 17:14:14 - Счётчик увеличен: 865 -> 866 (поток: pool-3-thread-10)
2025-11-23 17:14:14 - Счётчик увеличен: 866 -> 867 (поток: pool-3-thread-4)
2025-11-23 17:14:14 - Счётчик увеличен: 867 -> 868 (поток: pool-3-thread-5)
2025-11-23 17:14:14 - Счётчик увеличен: 868 -> 869 (поток: pool-3-thread-3)
2025-11-23 17:14:14 - Счётчик увеличен: 869 -> 870 (поток: pool-3-thread-6)
2025-11-23 17:14:14 - Счётчик увеличен: 870 -> 871 (поток: pool-3-thread-1)
2025-11-23 17:14:14 - Счётчик увеличен: 871 -> 872 (поток: pool-3-thread-7)
2025-11-23 17:14:14 - Счётчик увеличен: 872 -> 873 (поток: pool-3-thread-8)
2025-11-23 17:14:14 - Счётчик увеличен: 873 -> 874 (поток: pool-3-thread-9)
2025-11-23 17:14:14 - Счётчик увеличен: 874 -> 875 (поток: pool-3-thread-2)
2025-11-23 17:14:14 - Счётчик увеличен: 875 -> 876 (поток: pool-3-thread-10)
2025-11-23 17:14:14 - Счётчик увеличен: 876 -> 877 (поток: pool-3-thread-4)
2025-11-23 17:14:14 - Счётчик увеличен: 877 -> 878 (поток: pool-3-thread-5)
2025-11-23 17:14:14 - Счётчик увеличен: 878 -> 879 (поток: pool-3-thread-3)
2025-11-23 17:14:14 - Счётчик увеличен: 879 -> 880 (поток: pool-3-thread-6)
2025-11-23 17:14:14 - Счётчик увеличен: 880 -> 881 (поток: pool-3-thread-1)
2025-11-23 17:14:14 - Счётчик увеличен: 881 -> 882 (поток: pool-3-thread-7)
2025-11-23 17:14:14 - Счётчик увеличен: 882 -> 883 (поток: pool-3-thread-8)
2025-11-23 17:14:14 - Счётчик увеличен: 883 -> 884 (поток: pool-3-thread-9)
2025-11-23 17:14:14 - Счётчик увеличен: 884 -> 885 (поток: pool-3-thread-2)
2025-11-23 17:14:14 - Счётчик увеличен: 885 -> 886 (поток: pool-3-thread-10)
2025-11-23 17:14:14 - Счётчик увеличен: 886 -> 887 (поток: pool-3-thread-4)
2025-11-23 17:14:14 - Счётчик увеличен: 887 -> 888 (поток: pool-3-thread-5)
2025-11-23 17:14:14 - Счётчик увеличен: 888 -> 889 (поток: pool-3-thread-3)
2025-11-23 17:14:14 - Счётчик увеличен: 889 -> 890 (поток: pool-3-thread-6)
2025-11-23 17:14:14 - Счётчик увеличен: 890 -> 891 (поток: pool-3-thread-1)
2025-11-23 17:14:14 - Счётчик увеличен: 891 -> 892 (поток: pool-3-thread-7)
2025-11-23 17:14:14 - Счётчик увеличен: 892 -> 893 (поток: pool-3-thread-8)
2025-11-23 17:14:14 - Счётчик увеличен: 893 -> 894 (поток: pool-3-thread-9)
2025-11-23 17:14:14 - Счётчик увеличен: 894 -> 895 (поток: pool-3-thread-2)
2025-11-23 17:14:14 - Счётчик увеличен: 895 -> 896 (поток: pool-3-thread-10)
2025-11-23 17:14:14 - Счётчик увеличен: 896 -> 897 (поток: pool-3-thread-4)
2025-11-23 17:14:14 - Счётчик увеличен: 897 -> 898 (поток: pool-3-thread-5)
2025-11-23 17:14:14 - Счётчик увеличен: 898 -> 899 (поток: pool-3-thread-3)
2025-11-23 17:14:14 - Счётчик увеличен: 899 -> 900 (поток: pool-3-thread-6)
2025-11-23 17:14:14 - Счётчик увеличен: 900 -> 901 (поток: pool-3-thread-1)
2025-11-23 17:14:14 - Счётчик увеличен: 901 -> 902 (поток: pool-3-thread-7)
2025-11-23 17:14:14 - Счётчик увеличен: 902 -> 903 (поток: pool-3-thread-8)
2025-11-23 17:14:14 - Счётчик увеличен: 903 -> 904 (поток: pool-3-thread-9)
2025-11-23 17:14:14 - Счётчик увеличен: 904 -> 905 (поток: pool-3-thread-2)
2025-11-23 17:14:14 - Счётчик увеличен: 905 -> 906 (поток: pool-3-thread-10)
2025-11-23 17:14:14 - Счётчик увеличен: 906 -> 907 (поток: pool-3-thread-4)
2025-11-23 17:14:14 - Счётчик увеличен: 907 -> 908 (поток: pool-3-thread-5)
2025-11-23 17:14:14 - Счётчик увеличен: 908 -> 909 (поток: pool-3-thread-3)
2025-11-23 17:14:14 - Счётчик увеличен: 909 -> 910 (поток: pool-3-thread-6)
2025-11-23 17:14:14 - Счётчик увеличен: 910 -> 911 (поток: pool-3-thread-1)
2025-11-23 17:14:14 - Счётчик увеличен: 911 -> 912 (поток: pool-3-thread-7)
2025-11-23 17:14:14 - Счётчик увеличен: 912 -> 913 (поток: pool-3-thread-8)
2025-11-23 17:14:14 - Счётчик увеличен: 913 -> 914 (поток: pool-3-thread-9)
2025-11-23 17:14:14 - Счётчик увеличен: 914 -> 915 (поток: pool-3-thread-2)
2025-11-23 17:14:14 - Счётчик увеличен: 915 -> 916 (поток: pool-3-thread-10)
2025-11-23 17:14:14 - Счётчик увеличен: 916 -> 917 (поток: pool-3-thread-4)
2025-11-23 17:14:14 - Счётчик увеличен: 917 -> 918 (поток: pool-3-thread-5)
2025-11-23 17:14:14 - Счётчик увеличен: 918 -> 919 (поток: pool-3-thread-3)
2025-11-23 17:14:14 - Счётчик увеличен: 919 -> 920 (поток: pool-3-thread-6)
2025-11-23 17:14:14 - Счётчик увеличен: 920 -> 921 (поток: pool-3-thread-1)
2025-11-23 17:14:14 - Счётчик увеличен: 921 -> 922 (поток: pool-3-thread-7)
2025-11-23 17:14:14 - Счётчик увеличен: 922 -> 923 (поток: pool-3-thread-8)
2025-11-23 17:14:14 - Счётчик увеличен: 923 -> 924 (поток: pool-3-thread-9)
2025-11-23 17:14:14 - Счётчик увеличен: 924 -> 925 (поток: pool-3-thread-2)
2025-11-23 17:14:14 - Счётчик увеличен: 925 -> 926 (поток: pool-3-thread-10)
2025-11-23 17:14:14 - Счётчик увеличен: 926 -> 927 (поток: pool-3-thread-4)
2025-11-23 17:14:14 - Счётчик увеличен: 927 -> 928 (поток: pool-3-thread-5)
2025-11-23 17:14:14 - Счётчик увеличен: 928 -> 929 (поток: pool-3-thread-3)
2025-11-23 17:14:14 - Счётчик увеличен: 929 -> 930 (поток: pool-3-thread-6)
2025-11-23 17:14:14 - Счётчик увеличен: 930 -> 931 (поток: pool-3-thread-1)
2025-11-23 17:14:14 - Счётчик увеличен: 931 -> 932 (поток: pool-3-thread-7)
2025-11-23 17:14:14 - Счётчик увеличен: 932 -> 933 (поток: pool-3-thread-8)
2025-11-23 17:14:14 - Счётчик увеличен: 933 -> 934 (поток: pool-3-thread-9)
2025-11-23 17:14:14 - Счётчик увеличен: 934 -> 935 (поток: pool-3-thread-2)
2025-11-23 17:14:14 - Счётчик увеличен: 935 -> 936 (поток: pool-3-thread-10)
2025-11-23 17:14:14 - Счётчик увеличен: 936 -> 937 (поток: pool-3-thread-4)
2025-11-23 17:14:14 - Счётчик увеличен: 937 -> 938 (поток: pool-3-thread-5)
2025-11-23 17:14:14 - Счётчик увеличен: 938 -> 939 (поток: pool-3-thread-3)
2025-11-23 17:14:14 - Счётчик увеличен: 939 -> 940 (поток: pool-3-thread-6)
2025-11-23 17:14:14 - Счётчик увеличен: 940 -> 941 (поток: pool-3-thread-1)
2025-11-23 17:14:14 - Счётчик увеличен: 941 -> 942 (поток: pool-3-thread-7)
2025-11-23 17:14:14 - Счётчик увеличен: 942 -> 943 (поток: pool-3-thread-8)
2025-11-23 17:14:14 - Счётчик увеличен: 943 -> 944 (поток: pool-3-thread-9)
2025-11-23 17:14:14 - Счётчик увеличен: 944 -> 945 (поток: pool-3-thread-2)
2025-11-23 17:14:14 - Счётчик увеличен: 945 -> 946 (поток: pool-3-thread-10)
2025-11-23 17:14:14 - Счётчик увеличен: 946 -> 947 (поток: pool-3-thread-4)
2025-11-23 17:14:14 - Счётчик увеличен: 947 -> 948 (поток: pool-3-thread-5)
2025-11-23 17:14:14 - Счётчик увеличен: 948 -> 949 (поток: pool-3-thread-3)
2025-11-23 17:14:14 - Счётчик увеличен: 949 -> 950 (поток: pool-3-thread-6)
2025-11-23 17:14:14 - Счётчик увеличен: 950 -> 951 (поток: pool-3-thread-1)
2025-11-23 17:14:14 - Счётчик увеличен: 951 -> 952 (поток: pool-3-thread-7)
2025-11-23 17:14:14 - Счётчик увеличен: 952 -> 953 (поток: pool-3-thread-8)
2025-11-23 17:14:14 - Счётчик увеличен: 953 -> 954 (поток: pool-3-thread-9)
2025-11-23 17:14:14 - Счётчик увеличен: 954 -> 955 (поток: pool-3-thread-2)
2025-11-23 17:14:14 - Счётчик увеличен: 955 -> 956 (поток: pool-3-thread-10)
2025-11-23 17:14:14 - Счётчик увеличен: 956 -> 957 (поток: pool-3-thread-4)
2025-11-23 17:14:14 - Счётчик увеличен: 957 -> 958 (поток: pool-3-thread-5)
2025-11-23 17:14:14 - Счётчик увеличен: 958 -> 959 (поток: pool-3-thread-3)
2025-11-23 17:14:14 - Счётчик увеличен: 959 -> 960 (поток: pool-3-thread-6)
2025-11-23 17:14:14 - Счётчик увеличен: 960 -> 961 (поток: pool-3-thread-1)
2025-11-23 17:14:14 - Счётчик увеличен: 961 -> 962 (поток: pool-3-thread-7)
2025-11-23 17:14:14 - Счётчик увеличен: 962 -> 963 (поток: pool-3-thread-8)
2025-11-23 17:14:14 - Счётчик увеличен: 963 -> 964 (поток: pool-3-thread-9)
2025-11-23 17:14:14 - Счётчик увеличен: 964 -> 965 (поток: pool-3-thread-2)
2025-11-23 17:14:14 - Счётчик увеличен: 965 -> 966 (поток: pool-3-thread-10)
2025-11-23 17:14:14 - Счётчик увеличен: 966 -> 967 (поток: pool-3-thread-4)
2025-11-23 17:14:14 - Счётчик увеличен: 967 -> 968 (поток: pool-3-thread-5)
2025-11-23 17:14:14 - Счётчик увеличен: 968 -> 969 (поток: pool-3-thread-3)
2025-11-23 17:14:14 - Счётчик увеличен: 969 -> 970 (поток: pool-3-thread-6)
2025-11-23 17:14:14 - Счётчик увеличен: 970 -> 971 (поток: pool-3-thread-7)
2025-11-23 17:14:14 - Счётчик увеличен: 971 -> 972 (поток: pool-3-thread-8)
2025-11-23 17:14:14 - Счётчик увеличен: 972 -> 973 (поток: pool-3-thread-9)
2025-11-23 17:14:14 - Счётчик увеличен: 973 -> 974 (поток: pool-3-thread-2)
2025-11-23 17:14:14 - Счётчик увеличен: 974 -> 975 (поток: pool-3-thread-10)
2025-11-23 17:14:14 - Счётчик увеличен: 975 -> 976 (поток: pool-3-thread-4)
2025-11-23 17:14:14 - Счётчик увеличен: 976 -> 977 (поток: pool-3-thread-5)
2025-11-23 17:14:14 - Счётчик увеличен: 977 -> 978 (поток: pool-3-thread-3)
2025-11-23 17:14:14 - Счётчик увеличен: 978 -> 979 (поток: pool-3-thread-6)
2025-11-23 17:14:14 - Счётчик увеличен: 979 -> 980 (поток: pool-3-thread-7)
2025-11-23 17:14:14 - Счётчик увеличен: 980 -> 981 (поток: pool-3-thread-8)
2025-11-23 17:14:14 - Счётчик увеличен: 981 -> 982 (поток: pool-3-thread-9)
2025-11-23 17:14:14 - Счётчик увеличен: 982 -> 983 (поток: pool-3-thread-2)
2025-11-23 17:14:14 - Счётчик увеличен: 983 -> 984 (поток: pool-3-thread-10)
2025-11-23 17:14:14 - Счётчик увеличен: 984 -> 985 (поток: pool-3-thread-4)
2025-11-23 17:14:14 - Счётчик увеличен: 985 -> 986 (поток: pool-3-thread-5)
2025-11-23 17:14:14 - Счётчик увеличен: 986 -> 987 (поток: pool-3-thread-3)
2025-11-23 17:14:14 - Счётчик увеличен: 987 -> 988 (поток: pool-3-thread-6)
2025-11-23 17:14:14 - Счётчик увеличен: 988 -> 989 (поток: pool-3-thread-7)
2025-11-23 17:14:14 - Счётчик увеличен: 989 -> 990 (поток: pool-3-thread-8)
2025-11-23 17:14:14 - Счётчик увеличен: 990 -> 991 (поток: pool-3-thread-9)
2025-11-23 17:14:14 - Счётчик увеличен: 991 -> 992 (поток: pool-3-thread-2)
2025-11-23 17:14:14 - Счётчик увеличен: 992 -> 993 (поток: pool-3-thread-10)
2025-11-23 17:14:14 - Счётчик увеличен: 993 -> 994 (поток: pool-3-thread-4)
2025-11-23 17:14:14 - Счётчик увеличен: 994 -> 995 (поток: pool-3-thread-5)
2025-11-23 17:14:14 - Счётчик увеличен: 995 -> 996 (поток: pool-3-thread-6)
2025-11-23 17:14:14 - Счётчик увеличен: 996 -> 997 (поток: pool-3-thread-7)
2025-11-23 17:14:14 - Счётчик увеличен: 997 -> 998 (поток: pool-3-thread-8)
2025-11-23 17:14:14 - Счётчик увеличен: 998 -> 999 (поток: pool-3-thread-9)
2025-11-23 17:14:14 - Счётчик увеличен: 999 -> 1000 (поток: pool-3-thread-10)
]]></system-out>
  </testcase>
  <testcase name="shouldIncrementAndDecrement" classname="com.pricesparser.util.ThreadSafeCounterTest" time="0.001">
    <system-out><![CDATA[2025-11-23 17:14:14 - Счётчик увеличен: 0 -> 1 (поток: main)
2025-11-23 17:14:14 - Счётчик увеличен: 1 -> 2 (поток: main)
2025-11-23 17:14:14 - Счётчик уменьшен: 2 -> 1 (поток: main)
]]></system-out>
  </testcase>
</testsuite>