<?xml version="1.0" encoding="UTF-8"?>
<testsuite xmlns:xsi="http://www.w3.org/2001/XMLSchema-instance" xsi:noNamespaceSchemaLocation="https://maven.apache.org/surefire/maven-surefire-plugin/xsd/surefire-test-report-3.0.xsd" version="3.0" name="com.pricesparser.service.WebClientServiceTest" time="3.706" tests="4" errors="0" skipped="0" failures="0">
  <properties>
[...]
</properties>
  <testcase name="shouldFetchHtmlFromRealPage" classname="com.pricesparser.service.WebClientServiceTest" time="1.591">
    <system-out><![CDATA[02:55:42.489 [main] ERROR io.netty.resolver.dns.DnsServerAddressStreamProviders -- Unable to load io.netty.resolver.dns.macos.MacOSDnsServerAddressStreamProvider, fallback to system defaults. This may result in incorrect DNS resolutions on MacOS. Check whether you have a dependency on 'io.netty:netty-resolver-dns-native-macos'. Use DEBUG level to see the full stack: java.lang.UnsatisfiedLinkError: failed to load the required native library
]]></system-out>
  </testcase>
  <testcase name="shouldFetchHtmlAsync" classname="com.pricesparser.service.WebClientServiceTest" time="0.217"/>
  <testcase name="shouldHandle404Error" classname="com.pricesparser.service.WebClientServiceTest" time="0.294">
    <system-out><![CDATA[02:55:44.140 [reactor-http-nio-2] ERROR com.pricesparser.service.WebClientService -- Ошибка HTTP при загрузке URL https://example.com/nonexistent-page: статус 404 NOT_FOUND, сообщение: 404 Not Found from GET https://example.com/nonexistent-page
02:55:44.141 [main] ERROR com.pricesparser.service.WebClientService -- Ошибка при блокирующей загрузке URL https://example.com/nonexistent-page: 404 Not Found from GET https://example.com/nonexistent-page
]]></system-out>
  </testcase>
  <testcase name="shouldHandleTimeout" classname="com.pricesparser.service.WebClientServiceTest" time="1.594">
    <system-out><![CDATA[02:55:45.736 [reactor-http-nio-3] WARN reactor.netty.http.client.HttpClientConnect -- [1ee31575-1, L:/10.33.0.2:52152 ! R:httpstat.us/13.58.71.78:80] The connection observed an error
reactor.netty.http.client.PrematureCloseException: Connection prematurely closed BEFORE response
02:55:45.737 [reactor-http-nio-3] ERROR com.pricesparser.service.WebClientService -- Ошибка при загрузке URL http://httpstat.us/200?sleep=15000: Connection prematurely closed BEFORE response
02:55:45.737 [main] ERROR com.pricesparser.service.WebClientService -- Ошибка при блокирующей загрузке URL http://httpstat.us/200?sleep=15000: Connection prematurely closed BEFORE response
]]></system-out>
  </testcase>
</testsuite>